CRITICAL - 2022-02-17 15:15:26 --> Array to string conversion
#0 /Applications/MAMP/htdocs/Projetos/CodeIgniter/Crud/10/system/Common.php(1021): CodeIgniter\Debug\Exceptions->errorHandler(8, 'Array to string...', '/Applications/M...', 1021, Array)
#1 /Applications/MAMP/htdocs/Projetos/CodeIgniter/Crud/10/system/Helpers/form_helper.php(47): stringify_attributes(Array)
#2 /Applications/MAMP/htdocs/Projetos/CodeIgniter/Crud/10/app/Views/Pages/EditGame.php(31): form_open('http://localhos...', Array)
#3 /Applications/MAMP/htdocs/Projetos/CodeIgniter/Crud/10/system/View/View.php(210): include('/Applications/M...')
#4 /Applications/MAMP/htdocs/Projetos/CodeIgniter/Crud/10/system/View/View.php(213): CodeIgniter\View\View->CodeIgniter\View\{closure}()
#5 /Applications/MAMP/htdocs/Projetos/CodeIgniter/Crud/10/system/Common.php(1089): CodeIgniter\View\View->render('Pages/EditGame', Array, true)
#6 /Applications/MAMP/htdocs/Projetos/CodeIgniter/Crud/10/app/Controllers/Games.php(177): view('Pages/EditGame', Array)
#7 /Applications/MAMP/htdocs/Projetos/CodeIgniter/Crud/10/system/CodeIgniter.php(825): App\Controllers\Games->showFormEditGame('108')
#8 /Applications/MAMP/htdocs/Projetos/CodeIgniter/Crud/10/system/CodeIgniter.php(412): CodeIgniter\CodeIgniter->runController(Object(App\Controllers\Games))
#9 /Applications/MAMP/htdocs/Projetos/CodeIgniter/Crud/10/system/CodeIgniter.php(320): CodeIgniter\CodeIgniter->handleRequest(NULL, Object(Config\Cache), false)
#10 /Applications/MAMP/htdocs/Projetos/CodeIgniter/Crud/10/public/index.php(37): CodeIgniter\CodeIgniter->run()
#11 {main}
CRITICAL - 2022-02-17 15:15:57 --> Array to string conversion
#0 /Applications/MAMP/htdocs/Projetos/CodeIgniter/Crud/10/system/Common.php(1021): CodeIgniter\Debug\Exceptions->errorHandler(8, 'Array to string...', '/Applications/M...', 1021, Array)
#1 /Applications/MAMP/htdocs/Projetos/CodeIgniter/Crud/10/system/Helpers/form_helper.php(47): stringify_attributes(Array)
#2 /Applications/MAMP/htdocs/Projetos/CodeIgniter/Crud/10/app/Views/Pages/EditGame.php(31): form_open('http://localhos...', Array)
#3 /Applications/MAMP/htdocs/Projetos/CodeIgniter/Crud/10/system/View/View.php(210): include('/Applications/M...')
#4 /Applications/MAMP/htdocs/Projetos/CodeIgniter/Crud/10/system/View/View.php(213): CodeIgniter\View\View->CodeIgniter\View\{closure}()
#5 /Applications/MAMP/htdocs/Projetos/CodeIgniter/Crud/10/system/Common.php(1089): CodeIgniter\View\View->render('Pages/EditGame', Array, true)
#6 /Applications/MAMP/htdocs/Projetos/CodeIgniter/Crud/10/app/Controllers/Games.php(177): view('Pages/EditGame', Array)
#7 /Applications/MAMP/htdocs/Projetos/CodeIgniter/Crud/10/system/CodeIgniter.php(825): App\Controllers\Games->showFormEditGame('108')
#8 /Applications/MAMP/htdocs/Projetos/CodeIgniter/Crud/10/system/CodeIgniter.php(412): CodeIgniter\CodeIgniter->runController(Object(App\Controllers\Games))
#9 /Applications/MAMP/htdocs/Projetos/CodeIgniter/Crud/10/system/CodeIgniter.php(320): CodeIgniter\CodeIgniter->handleRequest(NULL, Object(Config\Cache), false)
#10 /Applications/MAMP/htdocs/Projetos/CodeIgniter/Crud/10/public/index.php(37): CodeIgniter\CodeIgniter->run()
#11 {main}
CRITICAL - 2022-02-17 15:16:08 --> Array to string conversion
#0 /Applications/MAMP/htdocs/Projetos/CodeIgniter/Crud/10/system/Common.php(1021): CodeIgniter\Debug\Exceptions->errorHandler(8, 'Array to string...', '/Applications/M...', 1021, Array)
#1 /Applications/MAMP/htdocs/Projetos/CodeIgniter/Crud/10/system/Helpers/form_helper.php(47): stringify_attributes(Array)
#2 /Applications/MAMP/htdocs/Projetos/CodeIgniter/Crud/10/app/Views/Pages/EditGame.php(31): form_open('http://localhos...', Array)
#3 /Applications/MAMP/htdocs/Projetos/CodeIgniter/Crud/10/system/View/View.php(210): include('/Applications/M...')
#4 /Applications/MAMP/htdocs/Projetos/CodeIgniter/Crud/10/system/View/View.php(213): CodeIgniter\View\View->CodeIgniter\View\{closure}()
#5 /Applications/MAMP/htdocs/Projetos/CodeIgniter/Crud/10/system/Common.php(1089): CodeIgniter\View\View->render('Pages/EditGame', Array, true)
#6 /Applications/MAMP/htdocs/Projetos/CodeIgniter/Crud/10/app/Controllers/Games.php(177): view('Pages/EditGame', Array)
#7 /Applications/MAMP/htdocs/Projetos/CodeIgniter/Crud/10/system/CodeIgniter.php(825): App\Controllers\Games->showFormEditGame('108')
#8 /Applications/MAMP/htdocs/Projetos/CodeIgniter/Crud/10/system/CodeIgniter.php(412): CodeIgniter\CodeIgniter->runController(Object(App\Controllers\Games))
#9 /Applications/MAMP/htdocs/Projetos/CodeIgniter/Crud/10/system/CodeIgniter.php(320): CodeIgniter\CodeIgniter->handleRequest(NULL, Object(Config\Cache), false)
#10 /Applications/MAMP/htdocs/Projetos/CodeIgniter/Crud/10/public/index.php(37): CodeIgniter\CodeIgniter->run()
#11 {main}
CRITICAL - 2022-02-17 15:16:08 --> Array to string conversion
#0 /Applications/MAMP/htdocs/Projetos/CodeIgniter/Crud/10/system/Common.php(1021): CodeIgniter\Debug\Exceptions->errorHandler(8, 'Array to string...', '/Applications/M...', 1021, Array)
#1 /Applications/MAMP/htdocs/Projetos/CodeIgniter/Crud/10/system/Helpers/form_helper.php(47): stringify_attributes(Array)
#2 /Applications/MAMP/htdocs/Projetos/CodeIgniter/Crud/10/app/Views/Pages/EditGame.php(31): form_open('http://localhos...', Array)
#3 /Applications/MAMP/htdocs/Projetos/CodeIgniter/Crud/10/system/View/View.php(210): include('/Applications/M...')
#4 /Applications/MAMP/htdocs/Projetos/CodeIgniter/Crud/10/system/View/View.php(213): CodeIgniter\View\View->CodeIgniter\View\{closure}()
#5 /Applications/MAMP/htdocs/Projetos/CodeIgniter/Crud/10/system/Common.php(1089): CodeIgniter\View\View->render('Pages/EditGame', Array, true)
#6 /Applications/MAMP/htdocs/Projetos/CodeIgniter/Crud/10/app/Controllers/Games.php(177): view('Pages/EditGame', Array)
#7 /Applications/MAMP/htdocs/Projetos/CodeIgniter/Crud/10/system/CodeIgniter.php(825): App\Controllers\Games->showFormEditGame('108')
#8 /Applications/MAMP/htdocs/Projetos/CodeIgniter/Crud/10/system/CodeIgniter.php(412): CodeIgniter\CodeIgniter->runController(Object(App\Controllers\Games))
#9 /Applications/MAMP/htdocs/Projetos/CodeIgniter/Crud/10/system/CodeIgniter.php(320): CodeIgniter\CodeIgniter->handleRequest(NULL, Object(Config\Cache), false)
#10 /Applications/MAMP/htdocs/Projetos/CodeIgniter/Crud/10/public/index.php(37): CodeIgniter\CodeIgniter->run()
#11 {main}
CRITICAL - 2022-02-17 15:16:11 --> Array to string conversion
#0 /Applications/MAMP/htdocs/Projetos/CodeIgniter/Crud/10/system/Common.php(1021): CodeIgniter\Debug\Exceptions->errorHandler(8, 'Array to string...', '/Applications/M...', 1021, Array)
#1 /Applications/MAMP/htdocs/Projetos/CodeIgniter/Crud/10/system/Helpers/form_helper.php(47): stringify_attributes(Array)
#2 /Applications/MAMP/htdocs/Projetos/CodeIgniter/Crud/10/app/Views/Pages/EditGame.php(31): form_open('http://localhos...', Array)
#3 /Applications/MAMP/htdocs/Projetos/CodeIgniter/Crud/10/system/View/View.php(210): include('/Applications/M...')
#4 /Applications/MAMP/htdocs/Projetos/CodeIgniter/Crud/10/system/View/View.php(213): CodeIgniter\View\View->CodeIgniter\View\{closure}()
#5 /Applications/MAMP/htdocs/Projetos/CodeIgniter/Crud/10/system/Common.php(1089): CodeIgniter\View\View->render('Pages/EditGame', Array, true)
#6 /Applications/MAMP/htdocs/Projetos/CodeIgniter/Crud/10/app/Controllers/Games.php(177): view('Pages/EditGame', Array)
#7 /Applications/MAMP/htdocs/Projetos/CodeIgniter/Crud/10/system/CodeIgniter.php(825): App\Controllers\Games->showFormEditGame('108')
#8 /Applications/MAMP/htdocs/Projetos/CodeIgniter/Crud/10/system/CodeIgniter.php(412): CodeIgniter\CodeIgniter->runController(Object(App\Controllers\Games))
#9 /Applications/MAMP/htdocs/Projetos/CodeIgniter/Crud/10/system/CodeIgniter.php(320): CodeIgniter\CodeIgniter->handleRequest(NULL, Object(Config\Cache), false)
#10 /Applications/MAMP/htdocs/Projetos/CodeIgniter/Crud/10/public/index.php(37): CodeIgniter\CodeIgniter->run()
#11 {main}
CRITICAL - 2022-02-17 15:16:29 --> Array to string conversion
#0 /Applications/MAMP/htdocs/Projetos/CodeIgniter/Crud/10/system/Common.php(1021): CodeIgniter\Debug\Exceptions->errorHandler(8, 'Array to string...', '/Applications/M...', 1021, Array)
#1 /Applications/MAMP/htdocs/Projetos/CodeIgniter/Crud/10/system/Helpers/form_helper.php(47): stringify_attributes(Array)
#2 /Applications/MAMP/htdocs/Projetos/CodeIgniter/Crud/10/app/Views/Pages/EditGame.php(31): form_open('http://localhos...', Array)
#3 /Applications/MAMP/htdocs/Projetos/CodeIgniter/Crud/10/system/View/View.php(210): include('/Applications/M...')
#4 /Applications/MAMP/htdocs/Projetos/CodeIgniter/Crud/10/system/View/View.php(213): CodeIgniter\View\View->CodeIgniter\View\{closure}()
#5 /Applications/MAMP/htdocs/Projetos/CodeIgniter/Crud/10/system/Common.php(1089): CodeIgniter\View\View->render('Pages/EditGame', Array, true)
#6 /Applications/MAMP/htdocs/Projetos/CodeIgniter/Crud/10/app/Controllers/Games.php(177): view('Pages/EditGame', Array)
#7 /Applications/MAMP/htdocs/Projetos/CodeIgniter/Crud/10/system/CodeIgniter.php(825): App\Controllers\Games->showFormEditGame('108')
#8 /Applications/MAMP/htdocs/Projetos/CodeIgniter/Crud/10/system/CodeIgniter.php(412): CodeIgniter\CodeIgniter->runController(Object(App\Controllers\Games))
#9 /Applications/MAMP/htdocs/Projetos/CodeIgniter/Crud/10/system/CodeIgniter.php(320): CodeIgniter\CodeIgniter->handleRequest(NULL, Object(Config\Cache), false)
#10 /Applications/MAMP/htdocs/Projetos/CodeIgniter/Crud/10/public/index.php(37): CodeIgniter\CodeIgniter->run()
#11 {main}
CRITICAL - 2022-02-17 15:16:29 --> Array to string conversion
#0 /Applications/MAMP/htdocs/Projetos/CodeIgniter/Crud/10/system/Common.php(1021): CodeIgniter\Debug\Exceptions->errorHandler(8, 'Array to string...', '/Applications/M...', 1021, Array)
#1 /Applications/MAMP/htdocs/Projetos/CodeIgniter/Crud/10/system/Helpers/form_helper.php(47): stringify_attributes(Array)
#2 /Applications/MAMP/htdocs/Projetos/CodeIgniter/Crud/10/app/Views/Pages/EditGame.php(31): form_open('http://localhos...', Array)
#3 /Applications/MAMP/htdocs/Projetos/CodeIgniter/Crud/10/system/View/View.php(210): include('/Applications/M...')
#4 /Applications/MAMP/htdocs/Projetos/CodeIgniter/Crud/10/system/View/View.php(213): CodeIgniter\View\View->CodeIgniter\View\{closure}()
#5 /Applications/MAMP/htdocs/Projetos/CodeIgniter/Crud/10/system/Common.php(1089): CodeIgniter\View\View->render('Pages/EditGame', Array, true)
#6 /Applications/MAMP/htdocs/Projetos/CodeIgniter/Crud/10/app/Controllers/Games.php(177): view('Pages/EditGame', Array)
#7 /Applications/MAMP/htdocs/Projetos/CodeIgniter/Crud/10/system/CodeIgniter.php(825): App\Controllers\Games->showFormEditGame('108')
#8 /Applications/MAMP/htdocs/Projetos/CodeIgniter/Crud/10/system/CodeIgniter.php(412): CodeIgniter\CodeIgniter->runController(Object(App\Controllers\Games))
#9 /Applications/MAMP/htdocs/Projetos/CodeIgniter/Crud/10/system/CodeIgniter.php(320): CodeIgniter\CodeIgniter->handleRequest(NULL, Object(Config\Cache), false)
#10 /Applications/MAMP/htdocs/Projetos/CodeIgniter/Crud/10/public/index.php(37): CodeIgniter\CodeIgniter->run()
#11 {main}
CRITICAL - 2022-02-17 15:16:32 --> Array to string conversion
#0 /Applications/MAMP/htdocs/Projetos/CodeIgniter/Crud/10/system/Common.php(1021): CodeIgniter\Debug\Exceptions->errorHandler(8, 'Array to string...', '/Applications/M...', 1021, Array)
#1 /Applications/MAMP/htdocs/Projetos/CodeIgniter/Crud/10/system/Helpers/form_helper.php(47): stringify_attributes(Array)
#2 /Applications/MAMP/htdocs/Projetos/CodeIgniter/Crud/10/app/Views/Pages/EditGame.php(31): form_open('http://localhos...', Array)
#3 /Applications/MAMP/htdocs/Projetos/CodeIgniter/Crud/10/system/View/View.php(210): include('/Applications/M...')
#4 /Applications/MAMP/htdocs/Projetos/CodeIgniter/Crud/10/system/View/View.php(213): CodeIgniter\View\View->CodeIgniter\View\{closure}()
#5 /Applications/MAMP/htdocs/Projetos/CodeIgniter/Crud/10/system/Common.php(1089): CodeIgniter\View\View->render('Pages/EditGame', Array, true)
#6 /Applications/MAMP/htdocs/Projetos/CodeIgniter/Crud/10/app/Controllers/Games.php(177): view('Pages/EditGame', Array)
#7 /Applications/MAMP/htdocs/Projetos/CodeIgniter/Crud/10/system/CodeIgniter.php(825): App\Controllers\Games->showFormEditGame('108')
#8 /Applications/MAMP/htdocs/Projetos/CodeIgniter/Crud/10/system/CodeIgniter.php(412): CodeIgniter\CodeIgniter->runController(Object(App\Controllers\Games))
#9 /Applications/MAMP/htdocs/Projetos/CodeIgniter/Crud/10/system/CodeIgniter.php(320): CodeIgniter\CodeIgniter->handleRequest(NULL, Object(Config\Cache), false)
#10 /Applications/MAMP/htdocs/Projetos/CodeIgniter/Crud/10/public/index.php(37): CodeIgniter\CodeIgniter->run()
#11 {main}
CRITICAL - 2022-02-17 15:51:39 --> Too few arguments to function App\Controllers\Games::editGame(), 0 passed in /Applications/MAMP/htdocs/Projetos/CodeIgniter/Crud/10/system/CodeIgniter.php on line 825 and exactly 1 expected
#0 /Applications/MAMP/htdocs/Projetos/CodeIgniter/Crud/10/system/CodeIgniter.php(825): App\Controllers\Games->editGame()
#1 /Applications/MAMP/htdocs/Projetos/CodeIgniter/Crud/10/system/CodeIgniter.php(412): CodeIgniter\CodeIgniter->runController(Object(App\Controllers\Games))
#2 /Applications/MAMP/htdocs/Projetos/CodeIgniter/Crud/10/system/CodeIgniter.php(320): CodeIgniter\CodeIgniter->handleRequest(NULL, Object(Config\Cache), false)
#3 /Applications/MAMP/htdocs/Projetos/CodeIgniter/Crud/10/public/index.php(37): CodeIgniter\CodeIgniter->run()
#4 {main}
ERROR - 2022-02-17 15:59:15 --> Unknown column 'nameEdit' in 'field list'
CRITICAL - 2022-02-17 15:59:15 --> Unknown column 'nameEdit' in 'field list'
#0 /Applications/MAMP/htdocs/Projetos/CodeIgniter/Crud/10/system/Database/MySQLi/Connection.php(292): mysqli->query('UPDATE `tb_game...', 0)
#1 /Applications/MAMP/htdocs/Projetos/CodeIgniter/Crud/10/system/Database/BaseConnection.php(670): CodeIgniter\Database\MySQLi\Connection->execute('UPDATE `tb_game...')
#2 /Applications/MAMP/htdocs/Projetos/CodeIgniter/Crud/10/system/Database/BaseConnection.php(598): CodeIgniter\Database\BaseConnection->simpleQuery('UPDATE `tb_game...')
#3 /Applications/MAMP/htdocs/Projetos/CodeIgniter/Crud/10/system/Database/BaseBuilder.php(1913): CodeIgniter\Database\BaseConnection->query('UPDATE `tb_game...', Array, false)
#4 /Applications/MAMP/htdocs/Projetos/CodeIgniter/Crud/10/app/Models/GamesModel.php(47): CodeIgniter\Database\BaseBuilder->update(Array)
#5 /Applications/MAMP/htdocs/Projetos/CodeIgniter/Crud/10/app/Controllers/Games.php(190): App\Models\GamesModel->updateGame(false, Array)
#6 /Applications/MAMP/htdocs/Projetos/CodeIgniter/Crud/10/system/CodeIgniter.php(825): App\Controllers\Games->editGame()
#7 /Applications/MAMP/htdocs/Projetos/CodeIgniter/Crud/10/system/CodeIgniter.php(412): CodeIgniter\CodeIgniter->runController(Object(App\Controllers\Games))
#8 /Applications/MAMP/htdocs/Projetos/CodeIgniter/Crud/10/system/CodeIgniter.php(320): CodeIgniter\CodeIgniter->handleRequest(NULL, Object(Config\Cache), false)
#9 /Applications/MAMP/htdocs/Projetos/CodeIgniter/Crud/10/public/index.php(37): CodeIgniter\CodeIgniter->run()
#10 {main}
ERROR - 2022-02-17 16:02:13 --> Unknown column 'nameEdit' in 'field list'
CRITICAL - 2022-02-17 16:02:13 --> Unknown column 'nameEdit' in 'field list'
#0 /Applications/MAMP/htdocs/Projetos/CodeIgniter/Crud/10/system/Database/MySQLi/Connection.php(292): mysqli->query('UPDATE `tb_game...', 0)
#1 /Applications/MAMP/htdocs/Projetos/CodeIgniter/Crud/10/system/Database/BaseConnection.php(670): CodeIgniter\Database\MySQLi\Connection->execute('UPDATE `tb_game...')
#2 /Applications/MAMP/htdocs/Projetos/CodeIgniter/Crud/10/system/Database/BaseConnection.php(598): CodeIgniter\Database\BaseConnection->simpleQuery('UPDATE `tb_game...')
#3 /Applications/MAMP/htdocs/Projetos/CodeIgniter/Crud/10/system/Database/BaseBuilder.php(1913): CodeIgniter\Database\BaseConnection->query('UPDATE `tb_game...', Array, false)
#4 /Applications/MAMP/htdocs/Projetos/CodeIgniter/Crud/10/app/Models/GamesModel.php(47): CodeIgniter\Database\BaseBuilder->update(Array)
#5 /Applications/MAMP/htdocs/Projetos/CodeIgniter/Crud/10/app/Controllers/Games.php(190): App\Models\GamesModel->updateGame(false, Array)
#6 /Applications/MAMP/htdocs/Projetos/CodeIgniter/Crud/10/system/CodeIgniter.php(825): App\Controllers\Games->editGame()
#7 /Applications/MAMP/htdocs/Projetos/CodeIgniter/Crud/10/system/CodeIgniter.php(412): CodeIgniter\CodeIgniter->runController(Object(App\Controllers\Games))
#8 /Applications/MAMP/htdocs/Projetos/CodeIgniter/Crud/10/system/CodeIgniter.php(320): CodeIgniter\CodeIgniter->handleRequest(NULL, Object(Config\Cache), false)
#9 /Applications/MAMP/htdocs/Projetos/CodeIgniter/Crud/10/public/index.php(37): CodeIgniter\CodeIgniter->run()
#10 {main}
CRITICAL - 2022-02-17 16:03:04 --> Undefined index: nameEdit
#0 /Applications/MAMP/htdocs/Projetos/CodeIgniter/Crud/10/app/Views/Pages/EditGame.php(38): CodeIgniter\Debug\Exceptions->errorHandler(8, 'Undefined index...', '/Applications/M...', 38, Array)
#1 /Applications/MAMP/htdocs/Projetos/CodeIgniter/Crud/10/system/View/View.php(210): include('/Applications/M...')
#2 /Applications/MAMP/htdocs/Projetos/CodeIgniter/Crud/10/system/View/View.php(213): CodeIgniter\View\View->CodeIgniter\View\{closure}()
#3 /Applications/MAMP/htdocs/Projetos/CodeIgniter/Crud/10/system/Common.php(1089): CodeIgniter\View\View->render('Pages/EditGame', Array, true)
#4 /Applications/MAMP/htdocs/Projetos/CodeIgniter/Crud/10/app/Controllers/Games.php(177): view('Pages/EditGame', Array)
#5 /Applications/MAMP/htdocs/Projetos/CodeIgniter/Crud/10/system/CodeIgniter.php(825): App\Controllers\Games->showFormEditGame('192')
#6 /Applications/MAMP/htdocs/Projetos/CodeIgniter/Crud/10/system/CodeIgniter.php(412): CodeIgniter\CodeIgniter->runController(Object(App\Controllers\Games))
#7 /Applications/MAMP/htdocs/Projetos/CodeIgniter/Crud/10/system/CodeIgniter.php(320): CodeIgniter\CodeIgniter->handleRequest(NULL, Object(Config\Cache), false)
#8 /Applications/MAMP/htdocs/Projetos/CodeIgniter/Crud/10/public/index.php(37): CodeIgniter\CodeIgniter->run()
#9 {main}
CRITICAL - 2022-02-17 16:03:16 --> Undefined index: nameEdit
#0 /Applications/MAMP/htdocs/Projetos/CodeIgniter/Crud/10/app/Views/Pages/EditGame.php(38): CodeIgniter\Debug\Exceptions->errorHandler(8, 'Undefined index...', '/Applications/M...', 38, Array)
#1 /Applications/MAMP/htdocs/Projetos/CodeIgniter/Crud/10/system/View/View.php(210): include('/Applications/M...')
#2 /Applications/MAMP/htdocs/Projetos/CodeIgniter/Crud/10/system/View/View.php(213): CodeIgniter\View\View->CodeIgniter\View\{closure}()
#3 /Applications/MAMP/htdocs/Projetos/CodeIgniter/Crud/10/system/Common.php(1089): CodeIgniter\View\View->render('Pages/EditGame', Array, true)
#4 /Applications/MAMP/htdocs/Projetos/CodeIgniter/Crud/10/app/Controllers/Games.php(177): view('Pages/EditGame', Array)
#5 /Applications/MAMP/htdocs/Projetos/CodeIgniter/Crud/10/system/CodeIgniter.php(825): App\Controllers\Games->showFormEditGame('192')
#6 /Applications/MAMP/htdocs/Projetos/CodeIgniter/Crud/10/system/CodeIgniter.php(412): CodeIgniter\CodeIgniter->runController(Object(App\Controllers\Games))
#7 /Applications/MAMP/htdocs/Projetos/CodeIgniter/Crud/10/system/CodeIgniter.php(320): CodeIgniter\CodeIgniter->handleRequest(NULL, Object(Config\Cache), false)
#8 /Applications/MAMP/htdocs/Projetos/CodeIgniter/Crud/10/public/index.php(37): CodeIgniter\CodeIgniter->run()
#9 {main}
CRITICAL - 2022-02-17 16:03:17 --> Undefined index: nameEdit
#0 /Applications/MAMP/htdocs/Projetos/CodeIgniter/Crud/10/app/Views/Pages/EditGame.php(38): CodeIgniter\Debug\Exceptions->errorHandler(8, 'Undefined index...', '/Applications/M...', 38, Array)
#1 /Applications/MAMP/htdocs/Projetos/CodeIgniter/Crud/10/system/View/View.php(210): include('/Applications/M...')
#2 /Applications/MAMP/htdocs/Projetos/CodeIgniter/Crud/10/system/View/View.php(213): CodeIgniter\View\View->CodeIgniter\View\{closure}()
#3 /Applications/MAMP/htdocs/Projetos/CodeIgniter/Crud/10/system/Common.php(1089): CodeIgniter\View\View->render('Pages/EditGame', Array, true)
#4 /Applications/MAMP/htdocs/Projetos/CodeIgniter/Crud/10/app/Controllers/Games.php(177): view('Pages/EditGame', Array)
#5 /Applications/MAMP/htdocs/Projetos/CodeIgniter/Crud/10/system/CodeIgniter.php(825): App\Controllers\Games->showFormEditGame('192')
#6 /Applications/MAMP/htdocs/Projetos/CodeIgniter/Crud/10/system/CodeIgniter.php(412): CodeIgniter\CodeIgniter->runController(Object(App\Controllers\Games))
#7 /Applications/MAMP/htdocs/Projetos/CodeIgniter/Crud/10/system/CodeIgniter.php(320): CodeIgniter\CodeIgniter->handleRequest(NULL, Object(Config\Cache), false)
#8 /Applications/MAMP/htdocs/Projetos/CodeIgniter/Crud/10/public/index.php(37): CodeIgniter\CodeIgniter->run()
#9 {main}
CRITICAL - 2022-02-17 16:03:17 --> Undefined index: nameEdit
#0 /Applications/MAMP/htdocs/Projetos/CodeIgniter/Crud/10/app/Views/Pages/EditGame.php(38): CodeIgniter\Debug\Exceptions->errorHandler(8, 'Undefined index...', '/Applications/M...', 38, Array)
#1 /Applications/MAMP/htdocs/Projetos/CodeIgniter/Crud/10/system/View/View.php(210): include('/Applications/M...')
#2 /Applications/MAMP/htdocs/Projetos/CodeIgniter/Crud/10/system/View/View.php(213): CodeIgniter\View\View->CodeIgniter\View\{closure}()
#3 /Applications/MAMP/htdocs/Projetos/CodeIgniter/Crud/10/system/Common.php(1089): CodeIgniter\View\View->render('Pages/EditGame', Array, true)
#4 /Applications/MAMP/htdocs/Projetos/CodeIgniter/Crud/10/app/Controllers/Games.php(177): view('Pages/EditGame', Array)
#5 /Applications/MAMP/htdocs/Projetos/CodeIgniter/Crud/10/system/CodeIgniter.php(825): App\Controllers\Games->showFormEditGame('192')
#6 /Applications/MAMP/htdocs/Projetos/CodeIgniter/Crud/10/system/CodeIgniter.php(412): CodeIgniter\CodeIgniter->runController(Object(App\Controllers\Games))
#7 /Applications/MAMP/htdocs/Projetos/CodeIgniter/Crud/10/system/CodeIgniter.php(320): CodeIgniter\CodeIgniter->handleRequest(NULL, Object(Config\Cache), false)
#8 /Applications/MAMP/htdocs/Projetos/CodeIgniter/Crud/10/public/index.php(37): CodeIgniter\CodeIgniter->run()
#9 {main}
CRITICAL - 2022-02-17 16:03:17 --> Undefined index: nameEdit
#0 /Applications/MAMP/htdocs/Projetos/CodeIgniter/Crud/10/app/Views/Pages/EditGame.php(38): CodeIgniter\Debug\Exceptions->errorHandler(8, 'Undefined index...', '/Applications/M...', 38, Array)
#1 /Applications/MAMP/htdocs/Projetos/CodeIgniter/Crud/10/system/View/View.php(210): include('/Applications/M...')
#2 /Applications/MAMP/htdocs/Projetos/CodeIgniter/Crud/10/system/View/View.php(213): CodeIgniter\View\View->CodeIgniter\View\{closure}()
#3 /Applications/MAMP/htdocs/Projetos/CodeIgniter/Crud/10/system/Common.php(1089): CodeIgniter\View\View->render('Pages/EditGame', Array, true)
#4 /Applications/MAMP/htdocs/Projetos/CodeIgniter/Crud/10/app/Controllers/Games.php(177): view('Pages/EditGame', Array)
#5 /Applications/MAMP/htdocs/Projetos/CodeIgniter/Crud/10/system/CodeIgniter.php(825): App\Controllers\Games->showFormEditGame('192')
#6 /Applications/MAMP/htdocs/Projetos/CodeIgniter/Crud/10/system/CodeIgniter.php(412): CodeIgniter\CodeIgniter->runController(Object(App\Controllers\Games))
#7 /Applications/MAMP/htdocs/Projetos/CodeIgniter/Crud/10/system/CodeIgniter.php(320): CodeIgniter\CodeIgniter->handleRequest(NULL, Object(Config\Cache), false)
#8 /Applications/MAMP/htdocs/Projetos/CodeIgniter/Crud/10/public/index.php(37): CodeIgniter\CodeIgniter->run()
#9 {main}
CRITICAL - 2022-02-17 16:03:17 --> Undefined index: nameEdit
#0 /Applications/MAMP/htdocs/Projetos/CodeIgniter/Crud/10/app/Views/Pages/EditGame.php(38): CodeIgniter\Debug\Exceptions->errorHandler(8, 'Undefined index...', '/Applications/M...', 38, Array)
#1 /Applications/MAMP/htdocs/Projetos/CodeIgniter/Crud/10/system/View/View.php(210): include('/Applications/M...')
#2 /Applications/MAMP/htdocs/Projetos/CodeIgniter/Crud/10/system/View/View.php(213): CodeIgniter\View\View->CodeIgniter\View\{closure}()
#3 /Applications/MAMP/htdocs/Projetos/CodeIgniter/Crud/10/system/Common.php(1089): CodeIgniter\View\View->render('Pages/EditGame', Array, true)
#4 /Applications/MAMP/htdocs/Projetos/CodeIgniter/Crud/10/app/Controllers/Games.php(177): view('Pages/EditGame', Array)
#5 /Applications/MAMP/htdocs/Projetos/CodeIgniter/Crud/10/system/CodeIgniter.php(825): App\Controllers\Games->showFormEditGame('192')
#6 /Applications/MAMP/htdocs/Projetos/CodeIgniter/Crud/10/system/CodeIgniter.php(412): CodeIgniter\CodeIgniter->runController(Object(App\Controllers\Games))
#7 /Applications/MAMP/htdocs/Projetos/CodeIgniter/Crud/10/system/CodeIgniter.php(320): CodeIgniter\CodeIgniter->handleRequest(NULL, Object(Config\Cache), false)
#8 /Applications/MAMP/htdocs/Projetos/CodeIgniter/Crud/10/public/index.php(37): CodeIgniter\CodeIgniter->run()
#9 {main}
CRITICAL - 2022-02-17 16:09:54 --> Call to undefined method App\Models\GamesModel::editGame
#0 /Applications/MAMP/htdocs/Projetos/CodeIgniter/Crud/10/app/Controllers/Games.php(193): CodeIgniter\Model->__call('editGame', Array)
#1 /Applications/MAMP/htdocs/Projetos/CodeIgniter/Crud/10/system/CodeIgniter.php(825): App\Controllers\Games->editGame()
#2 /Applications/MAMP/htdocs/Projetos/CodeIgniter/Crud/10/system/CodeIgniter.php(412): CodeIgniter\CodeIgniter->runController(Object(App\Controllers\Games))
#3 /Applications/MAMP/htdocs/Projetos/CodeIgniter/Crud/10/system/CodeIgniter.php(320): CodeIgniter\CodeIgniter->handleRequest(NULL, Object(Config\Cache), false)
#4 /Applications/MAMP/htdocs/Projetos/CodeIgniter/Crud/10/public/index.php(37): CodeIgniter\CodeIgniter->run()
#5 {main}
CRITICAL - 2022-02-17 16:15:53 --> Undefined index: nameEdit
#0 /Applications/MAMP/htdocs/Projetos/CodeIgniter/Crud/10/app/Views/Pages/EditGame.php(38): CodeIgniter\Debug\Exceptions->errorHandler(8, 'Undefined index...', '/Applications/M...', 38, Array)
#1 /Applications/MAMP/htdocs/Projetos/CodeIgniter/Crud/10/system/View/View.php(210): include('/Applications/M...')
#2 /Applications/MAMP/htdocs/Projetos/CodeIgniter/Crud/10/system/View/View.php(213): CodeIgniter\View\View->CodeIgniter\View\{closure}()
#3 /Applications/MAMP/htdocs/Projetos/CodeIgniter/Crud/10/system/Common.php(1089): CodeIgniter\View\View->render('Pages/EditGame', Array, true)
#4 /Applications/MAMP/htdocs/Projetos/CodeIgniter/Crud/10/app/Controllers/Games.php(177): view('Pages/EditGame', Array)
#5 /Applications/MAMP/htdocs/Projetos/CodeIgniter/Crud/10/system/CodeIgniter.php(825): App\Controllers\Games->showFormEditGame('199')
#6 /Applications/MAMP/htdocs/Projetos/CodeIgniter/Crud/10/system/CodeIgniter.php(412): CodeIgniter\CodeIgniter->runController(Object(App\Controllers\Games))
#7 /Applications/MAMP/htdocs/Projetos/CodeIgniter/Crud/10/system/CodeIgniter.php(320): CodeIgniter\CodeIgniter->handleRequest(NULL, Object(Config\Cache), false)
#8 /Applications/MAMP/htdocs/Projetos/CodeIgniter/Crud/10/public/index.php(37): CodeIgniter\CodeIgniter->run()
#9 {main}
CRITICAL - 2022-02-17 16:16:19 --> Undefined index: nameEdit
#0 /Applications/MAMP/htdocs/Projetos/CodeIgniter/Crud/10/app/Views/Pages/EditGame.php(38): CodeIgniter\Debug\Exceptions->errorHandler(8, 'Undefined index...', '/Applications/M...', 38, Array)
#1 /Applications/MAMP/htdocs/Projetos/CodeIgniter/Crud/10/system/View/View.php(210): include('/Applications/M...')
#2 /Applications/MAMP/htdocs/Projetos/CodeIgniter/Crud/10/system/View/View.php(213): CodeIgniter\View\View->CodeIgniter\View\{closure}()
#3 /Applications/MAMP/htdocs/Projetos/CodeIgniter/Crud/10/system/Common.php(1089): CodeIgniter\View\View->render('Pages/EditGame', Array, true)
#4 /Applications/MAMP/htdocs/Projetos/CodeIgniter/Crud/10/app/Controllers/Games.php(177): view('Pages/EditGame', Array)
#5 /Applications/MAMP/htdocs/Projetos/CodeIgniter/Crud/10/system/CodeIgniter.php(825): App\Controllers\Games->showFormEditGame('199')
#6 /Applications/MAMP/htdocs/Projetos/CodeIgniter/Crud/10/system/CodeIgniter.php(412): CodeIgniter\CodeIgniter->runController(Object(App\Controllers\Games))
#7 /Applications/MAMP/htdocs/Projetos/CodeIgniter/Crud/10/system/CodeIgniter.php(320): CodeIgniter\CodeIgniter->handleRequest(NULL, Object(Config\Cache), false)
#8 /Applications/MAMP/htdocs/Projetos/CodeIgniter/Crud/10/public/index.php(37): CodeIgniter\CodeIgniter->run()
#9 {main}
CRITICAL - 2022-02-17 16:16:20 --> Undefined index: nameEdit
#0 /Applications/MAMP/htdocs/Projetos/CodeIgniter/Crud/10/app/Views/Pages/EditGame.php(38): CodeIgniter\Debug\Exceptions->errorHandler(8, 'Undefined index...', '/Applications/M...', 38, Array)
#1 /Applications/MAMP/htdocs/Projetos/CodeIgniter/Crud/10/system/View/View.php(210): include('/Applications/M...')
#2 /Applications/MAMP/htdocs/Projetos/CodeIgniter/Crud/10/system/View/View.php(213): CodeIgniter\View\View->CodeIgniter\View\{closure}()
#3 /Applications/MAMP/htdocs/Projetos/CodeIgniter/Crud/10/system/Common.php(1089): CodeIgniter\View\View->render('Pages/EditGame', Array, true)
#4 /Applications/MAMP/htdocs/Projetos/CodeIgniter/Crud/10/app/Controllers/Games.php(177): view('Pages/EditGame', Array)
#5 /Applications/MAMP/htdocs/Projetos/CodeIgniter/Crud/10/system/CodeIgniter.php(825): App\Controllers\Games->showFormEditGame('199')
#6 /Applications/MAMP/htdocs/Projetos/CodeIgniter/Crud/10/system/CodeIgniter.php(412): CodeIgniter\CodeIgniter->runController(Object(App\Controllers\Games))
#7 /Applications/MAMP/htdocs/Projetos/CodeIgniter/Crud/10/system/CodeIgniter.php(320): CodeIgniter\CodeIgniter->handleRequest(NULL, Object(Config\Cache), false)
#8 /Applications/MAMP/htdocs/Projetos/CodeIgniter/Crud/10/public/index.php(37): CodeIgniter\CodeIgniter->run()
#9 {main}
CRITICAL - 2022-02-17 16:16:20 --> Undefined index: nameEdit
#0 /Applications/MAMP/htdocs/Projetos/CodeIgniter/Crud/10/app/Views/Pages/EditGame.php(38): CodeIgniter\Debug\Exceptions->errorHandler(8, 'Undefined index...', '/Applications/M...', 38, Array)
#1 /Applications/MAMP/htdocs/Projetos/CodeIgniter/Crud/10/system/View/View.php(210): include('/Applications/M...')
#2 /Applications/MAMP/htdocs/Projetos/CodeIgniter/Crud/10/system/View/View.php(213): CodeIgniter\View\View->CodeIgniter\View\{closure}()
#3 /Applications/MAMP/htdocs/Projetos/CodeIgniter/Crud/10/system/Common.php(1089): CodeIgniter\View\View->render('Pages/EditGame', Array, true)
#4 /Applications/MAMP/htdocs/Projetos/CodeIgniter/Crud/10/app/Controllers/Games.php(177): view('Pages/EditGame', Array)
#5 /Applications/MAMP/htdocs/Projetos/CodeIgniter/Crud/10/system/CodeIgniter.php(825): App\Controllers\Games->showFormEditGame('199')
#6 /Applications/MAMP/htdocs/Projetos/CodeIgniter/Crud/10/system/CodeIgniter.php(412): CodeIgniter\CodeIgniter->runController(Object(App\Controllers\Games))
#7 /Applications/MAMP/htdocs/Projetos/CodeIgniter/Crud/10/system/CodeIgniter.php(320): CodeIgniter\CodeIgniter->handleRequest(NULL, Object(Config\Cache), false)
#8 /Applications/MAMP/htdocs/Projetos/CodeIgniter/Crud/10/public/index.php(37): CodeIgniter\CodeIgniter->run()
#9 {main}
CRITICAL - 2022-02-17 16:16:37 --> Undefined index: nameEdit
#0 /Applications/MAMP/htdocs/Projetos/CodeIgniter/Crud/10/app/Views/Pages/EditGame.php(38): CodeIgniter\Debug\Exceptions->errorHandler(8, 'Undefined index...', '/Applications/M...', 38, Array)
#1 /Applications/MAMP/htdocs/Projetos/CodeIgniter/Crud/10/system/View/View.php(210): include('/Applications/M...')
#2 /Applications/MAMP/htdocs/Projetos/CodeIgniter/Crud/10/system/View/View.php(213): CodeIgniter\View\View->CodeIgniter\View\{closure}()
#3 /Applications/MAMP/htdocs/Projetos/CodeIgniter/Crud/10/system/Common.php(1089): CodeIgniter\View\View->render('Pages/EditGame', Array, true)
#4 /Applications/MAMP/htdocs/Projetos/CodeIgniter/Crud/10/app/Controllers/Games.php(177): view('Pages/EditGame', Array)
#5 /Applications/MAMP/htdocs/Projetos/CodeIgniter/Crud/10/system/CodeIgniter.php(825): App\Controllers\Games->showFormEditGame('199')
#6 /Applications/MAMP/htdocs/Projetos/CodeIgniter/Crud/10/system/CodeIgniter.php(412): CodeIgniter\CodeIgniter->runController(Object(App\Controllers\Games))
#7 /Applications/MAMP/htdocs/Projetos/CodeIgniter/Crud/10/system/CodeIgniter.php(320): CodeIgniter\CodeIgniter->handleRequest(NULL, Object(Config\Cache), false)
#8 /Applications/MAMP/htdocs/Projetos/CodeIgniter/Crud/10/public/index.php(37): CodeIgniter\CodeIgniter->run()
#9 {main}
CRITICAL - 2022-02-17 16:16:38 --> Undefined index: nameEdit
#0 /Applications/MAMP/htdocs/Projetos/CodeIgniter/Crud/10/app/Views/Pages/EditGame.php(38): CodeIgniter\Debug\Exceptions->errorHandler(8, 'Undefined index...', '/Applications/M...', 38, Array)
#1 /Applications/MAMP/htdocs/Projetos/CodeIgniter/Crud/10/system/View/View.php(210): include('/Applications/M...')
#2 /Applications/MAMP/htdocs/Projetos/CodeIgniter/Crud/10/system/View/View.php(213): CodeIgniter\View\View->CodeIgniter\View\{closure}()
#3 /Applications/MAMP/htdocs/Projetos/CodeIgniter/Crud/10/system/Common.php(1089): CodeIgniter\View\View->render('Pages/EditGame', Array, true)
#4 /Applications/MAMP/htdocs/Projetos/CodeIgniter/Crud/10/app/Controllers/Games.php(177): view('Pages/EditGame', Array)
#5 /Applications/MAMP/htdocs/Projetos/CodeIgniter/Crud/10/system/CodeIgniter.php(825): App\Controllers\Games->showFormEditGame('199')
#6 /Applications/MAMP/htdocs/Projetos/CodeIgniter/Crud/10/system/CodeIgniter.php(412): CodeIgniter\CodeIgniter->runController(Object(App\Controllers\Games))
#7 /Applications/MAMP/htdocs/Projetos/CodeIgniter/Crud/10/system/CodeIgniter.php(320): CodeIgniter\CodeIgniter->handleRequest(NULL, Object(Config\Cache), false)
#8 /Applications/MAMP/htdocs/Projetos/CodeIgniter/Crud/10/public/index.php(37): CodeIgniter\CodeIgniter->run()
#9 {main}
CRITICAL - 2022-02-17 16:16:38 --> Undefined index: nameEdit
#0 /Applications/MAMP/htdocs/Projetos/CodeIgniter/Crud/10/app/Views/Pages/EditGame.php(38): CodeIgniter\Debug\Exceptions->errorHandler(8, 'Undefined index...', '/Applications/M...', 38, Array)
#1 /Applications/MAMP/htdocs/Projetos/CodeIgniter/Crud/10/system/View/View.php(210): include('/Applications/M...')
#2 /Applications/MAMP/htdocs/Projetos/CodeIgniter/Crud/10/system/View/View.php(213): CodeIgniter\View\View->CodeIgniter\View\{closure}()
#3 /Applications/MAMP/htdocs/Projetos/CodeIgniter/Crud/10/system/Common.php(1089): CodeIgniter\View\View->render('Pages/EditGame', Array, true)
#4 /Applications/MAMP/htdocs/Projetos/CodeIgniter/Crud/10/app/Controllers/Games.php(177): view('Pages/EditGame', Array)
#5 /Applications/MAMP/htdocs/Projetos/CodeIgniter/Crud/10/system/CodeIgniter.php(825): App\Controllers\Games->showFormEditGame('199')
#6 /Applications/MAMP/htdocs/Projetos/CodeIgniter/Crud/10/system/CodeIgniter.php(412): CodeIgniter\CodeIgniter->runController(Object(App\Controllers\Games))
#7 /Applications/MAMP/htdocs/Projetos/CodeIgniter/Crud/10/system/CodeIgniter.php(320): CodeIgniter\CodeIgniter->handleRequest(NULL, Object(Config\Cache), false)
#8 /Applications/MAMP/htdocs/Projetos/CodeIgniter/Crud/10/public/index.php(37): CodeIgniter\CodeIgniter->run()
#9 {main}
CRITICAL - 2022-02-17 16:16:42 --> Undefined index: nameEdit
#0 /Applications/MAMP/htdocs/Projetos/CodeIgniter/Crud/10/app/Views/Pages/EditGame.php(38): CodeIgniter\Debug\Exceptions->errorHandler(8, 'Undefined index...', '/Applications/M...', 38, Array)
#1 /Applications/MAMP/htdocs/Projetos/CodeIgniter/Crud/10/system/View/View.php(210): include('/Applications/M...')
#2 /Applications/MAMP/htdocs/Projetos/CodeIgniter/Crud/10/system/View/View.php(213): CodeIgniter\View\View->CodeIgniter\View\{closure}()
#3 /Applications/MAMP/htdocs/Projetos/CodeIgniter/Crud/10/system/Common.php(1089): CodeIgniter\View\View->render('Pages/EditGame', Array, true)
#4 /Applications/MAMP/htdocs/Projetos/CodeIgniter/Crud/10/app/Controllers/Games.php(177): view('Pages/EditGame', Array)
#5 /Applications/MAMP/htdocs/Projetos/CodeIgniter/Crud/10/system/CodeIgniter.php(825): App\Controllers\Games->showFormEditGame('199')
#6 /Applications/MAMP/htdocs/Projetos/CodeIgniter/Crud/10/system/CodeIgniter.php(412): CodeIgniter\CodeIgniter->runController(Object(App\Controllers\Games))
#7 /Applications/MAMP/htdocs/Projetos/CodeIgniter/Crud/10/system/CodeIgniter.php(320): CodeIgniter\CodeIgniter->handleRequest(NULL, Object(Config\Cache), false)
#8 /Applications/MAMP/htdocs/Projetos/CodeIgniter/Crud/10/public/index.php(37): CodeIgniter\CodeIgniter->run()
#9 {main}
CRITICAL - 2022-02-17 16:19:02 --> Undefined index: nameEdit
#0 /Applications/MAMP/htdocs/Projetos/CodeIgniter/Crud/10/app/Views/Pages/EditGame.php(38): CodeIgniter\Debug\Exceptions->errorHandler(8, 'Undefined index...', '/Applications/M...', 38, Array)
#1 /Applications/MAMP/htdocs/Projetos/CodeIgniter/Crud/10/system/View/View.php(210): include('/Applications/M...')
#2 /Applications/MAMP/htdocs/Projetos/CodeIgniter/Crud/10/system/View/View.php(213): CodeIgniter\View\View->CodeIgniter\View\{closure}()
#3 /Applications/MAMP/htdocs/Projetos/CodeIgniter/Crud/10/system/Common.php(1089): CodeIgniter\View\View->render('Pages/EditGame', Array, true)
#4 /Applications/MAMP/htdocs/Projetos/CodeIgniter/Crud/10/app/Controllers/Games.php(177): view('Pages/EditGame', Array)
#5 /Applications/MAMP/htdocs/Projetos/CodeIgniter/Crud/10/system/CodeIgniter.php(825): App\Controllers\Games->showFormEditGame('199')
#6 /Applications/MAMP/htdocs/Projetos/CodeIgniter/Crud/10/system/CodeIgniter.php(412): CodeIgniter\CodeIgniter->runController(Object(App\Controllers\Games))
#7 /Applications/MAMP/htdocs/Projetos/CodeIgniter/Crud/10/system/CodeIgniter.php(320): CodeIgniter\CodeIgniter->handleRequest(NULL, Object(Config\Cache), false)
#8 /Applications/MAMP/htdocs/Projetos/CodeIgniter/Crud/10/public/index.php(37): CodeIgniter\CodeIgniter->run()
#9 {main}
