CRITICAL - 2022-02-21 05:08:59 --> Cannot use object of type stdClass as array
#0 /Applications/MAMP/htdocs/Projetos/CodeIgniter/Crud/10/system/View/View.php(210): include()
#1 /Applications/MAMP/htdocs/Projetos/CodeIgniter/Crud/10/system/View/View.php(213): CodeIgniter\View\View->CodeIgniter\View\{closure}()
#2 /Applications/MAMP/htdocs/Projetos/CodeIgniter/Crud/10/system/Common.php(1089): CodeIgniter\View\View->render('Pages/EditGame', Array, true)
#3 /Applications/MAMP/htdocs/Projetos/CodeIgniter/Crud/10/app/Controllers/Games.php(177): view('Pages/EditGame', Array)
#4 /Applications/MAMP/htdocs/Projetos/CodeIgniter/Crud/10/system/CodeIgniter.php(825): App\Controllers\Games->showFormEditGame('206')
#5 /Applications/MAMP/htdocs/Projetos/CodeIgniter/Crud/10/system/CodeIgniter.php(412): CodeIgniter\CodeIgniter->runController(Object(App\Controllers\Games))
#6 /Applications/MAMP/htdocs/Projetos/CodeIgniter/Crud/10/system/CodeIgniter.php(320): CodeIgniter\CodeIgniter->handleRequest(NULL, Object(Config\Cache), false)
#7 /Applications/MAMP/htdocs/Projetos/CodeIgniter/Crud/10/public/index.php(37): CodeIgniter\CodeIgniter->run()
#8 {main}
CRITICAL - 2022-02-21 05:09:19 --> Undefined variable: error_data
#0 /Applications/MAMP/htdocs/Projetos/CodeIgniter/Crud/10/app/Views/Pages/EditGame.php(41): CodeIgniter\Debug\Exceptions->errorHandler(8, 'Undefined varia...', '/Applications/M...', 41, Array)
#1 /Applications/MAMP/htdocs/Projetos/CodeIgniter/Crud/10/system/View/View.php(210): include('/Applications/M...')
#2 /Applications/MAMP/htdocs/Projetos/CodeIgniter/Crud/10/system/View/View.php(213): CodeIgniter\View\View->CodeIgniter\View\{closure}()
#3 /Applications/MAMP/htdocs/Projetos/CodeIgniter/Crud/10/system/Common.php(1089): CodeIgniter\View\View->render('Pages/EditGame', Array, true)
#4 /Applications/MAMP/htdocs/Projetos/CodeIgniter/Crud/10/app/Controllers/Games.php(177): view('Pages/EditGame', Array)
#5 /Applications/MAMP/htdocs/Projetos/CodeIgniter/Crud/10/system/CodeIgniter.php(825): App\Controllers\Games->showFormEditGame('206')
#6 /Applications/MAMP/htdocs/Projetos/CodeIgniter/Crud/10/system/CodeIgniter.php(412): CodeIgniter\CodeIgniter->runController(Object(App\Controllers\Games))
#7 /Applications/MAMP/htdocs/Projetos/CodeIgniter/Crud/10/system/CodeIgniter.php(320): CodeIgniter\CodeIgniter->handleRequest(NULL, Object(Config\Cache), false)
#8 /Applications/MAMP/htdocs/Projetos/CodeIgniter/Crud/10/public/index.php(37): CodeIgniter\CodeIgniter->run()
#9 {main}
CRITICAL - 2022-02-21 05:09:56 --> Undefined variable: error_data
#0 /Applications/MAMP/htdocs/Projetos/CodeIgniter/Crud/10/app/Views/Pages/EditGame.php(41): CodeIgniter\Debug\Exceptions->errorHandler(8, 'Undefined varia...', '/Applications/M...', 41, Array)
#1 /Applications/MAMP/htdocs/Projetos/CodeIgniter/Crud/10/system/View/View.php(210): include('/Applications/M...')
#2 /Applications/MAMP/htdocs/Projetos/CodeIgniter/Crud/10/system/View/View.php(213): CodeIgniter\View\View->CodeIgniter\View\{closure}()
#3 /Applications/MAMP/htdocs/Projetos/CodeIgniter/Crud/10/system/Common.php(1089): CodeIgniter\View\View->render('Pages/EditGame', Array, true)
#4 /Applications/MAMP/htdocs/Projetos/CodeIgniter/Crud/10/app/Controllers/Games.php(177): view('Pages/EditGame', Array)
#5 /Applications/MAMP/htdocs/Projetos/CodeIgniter/Crud/10/system/CodeIgniter.php(825): App\Controllers\Games->showFormEditGame('206')
#6 /Applications/MAMP/htdocs/Projetos/CodeIgniter/Crud/10/system/CodeIgniter.php(412): CodeIgniter\CodeIgniter->runController(Object(App\Controllers\Games))
#7 /Applications/MAMP/htdocs/Projetos/CodeIgniter/Crud/10/system/CodeIgniter.php(320): CodeIgniter\CodeIgniter->handleRequest(NULL, Object(Config\Cache), false)
#8 /Applications/MAMP/htdocs/Projetos/CodeIgniter/Crud/10/public/index.php(37): CodeIgniter\CodeIgniter->run()
#9 {main}
CRITICAL - 2022-02-21 05:13:00 --> Undefined variable: error_data
#0 /Applications/MAMP/htdocs/Projetos/CodeIgniter/Crud/10/app/Views/Pages/EditGame.php(41): CodeIgniter\Debug\Exceptions->errorHandler(8, 'Undefined varia...', '/Applications/M...', 41, Array)
#1 /Applications/MAMP/htdocs/Projetos/CodeIgniter/Crud/10/system/View/View.php(210): include('/Applications/M...')
#2 /Applications/MAMP/htdocs/Projetos/CodeIgniter/Crud/10/system/View/View.php(213): CodeIgniter\View\View->CodeIgniter\View\{closure}()
#3 /Applications/MAMP/htdocs/Projetos/CodeIgniter/Crud/10/system/Common.php(1089): CodeIgniter\View\View->render('Pages/EditGame', Array, true)
#4 /Applications/MAMP/htdocs/Projetos/CodeIgniter/Crud/10/app/Controllers/Games.php(177): view('Pages/EditGame', Array)
#5 /Applications/MAMP/htdocs/Projetos/CodeIgniter/Crud/10/system/CodeIgniter.php(825): App\Controllers\Games->showFormEditGame('206')
#6 /Applications/MAMP/htdocs/Projetos/CodeIgniter/Crud/10/system/CodeIgniter.php(412): CodeIgniter\CodeIgniter->runController(Object(App\Controllers\Games))
#7 /Applications/MAMP/htdocs/Projetos/CodeIgniter/Crud/10/system/CodeIgniter.php(320): CodeIgniter\CodeIgniter->handleRequest(NULL, Object(Config\Cache), false)
#8 /Applications/MAMP/htdocs/Projetos/CodeIgniter/Crud/10/public/index.php(37): CodeIgniter\CodeIgniter->run()
#9 {main}
CRITICAL - 2022-02-21 05:14:03 --> Undefined variable: error_data
#0 /Applications/MAMP/htdocs/Projetos/CodeIgniter/Crud/10/app/Views/Pages/EditGame.php(41): CodeIgniter\Debug\Exceptions->errorHandler(8, 'Undefined varia...', '/Applications/M...', 41, Array)
#1 /Applications/MAMP/htdocs/Projetos/CodeIgniter/Crud/10/system/View/View.php(210): include('/Applications/M...')
#2 /Applications/MAMP/htdocs/Projetos/CodeIgniter/Crud/10/system/View/View.php(213): CodeIgniter\View\View->CodeIgniter\View\{closure}()
#3 /Applications/MAMP/htdocs/Projetos/CodeIgniter/Crud/10/system/Common.php(1089): CodeIgniter\View\View->render('Pages/EditGame', Array, true)
#4 /Applications/MAMP/htdocs/Projetos/CodeIgniter/Crud/10/app/Controllers/Games.php(177): view('Pages/EditGame', Array)
#5 /Applications/MAMP/htdocs/Projetos/CodeIgniter/Crud/10/system/CodeIgniter.php(825): App\Controllers\Games->showFormEditGame('206')
#6 /Applications/MAMP/htdocs/Projetos/CodeIgniter/Crud/10/system/CodeIgniter.php(412): CodeIgniter\CodeIgniter->runController(Object(App\Controllers\Games))
#7 /Applications/MAMP/htdocs/Projetos/CodeIgniter/Crud/10/system/CodeIgniter.php(320): CodeIgniter\CodeIgniter->handleRequest(NULL, Object(Config\Cache), false)
#8 /Applications/MAMP/htdocs/Projetos/CodeIgniter/Crud/10/public/index.php(37): CodeIgniter\CodeIgniter->run()
#9 {main}
CRITICAL - 2022-02-21 05:14:06 --> Undefined variable: error_data
#0 /Applications/MAMP/htdocs/Projetos/CodeIgniter/Crud/10/app/Views/Pages/EditGame.php(41): CodeIgniter\Debug\Exceptions->errorHandler(8, 'Undefined varia...', '/Applications/M...', 41, Array)
#1 /Applications/MAMP/htdocs/Projetos/CodeIgniter/Crud/10/system/View/View.php(210): include('/Applications/M...')
#2 /Applications/MAMP/htdocs/Projetos/CodeIgniter/Crud/10/system/View/View.php(213): CodeIgniter\View\View->CodeIgniter\View\{closure}()
#3 /Applications/MAMP/htdocs/Projetos/CodeIgniter/Crud/10/system/Common.php(1089): CodeIgniter\View\View->render('Pages/EditGame', Array, true)
#4 /Applications/MAMP/htdocs/Projetos/CodeIgniter/Crud/10/app/Controllers/Games.php(177): view('Pages/EditGame', Array)
#5 /Applications/MAMP/htdocs/Projetos/CodeIgniter/Crud/10/system/CodeIgniter.php(825): App\Controllers\Games->showFormEditGame('206')
#6 /Applications/MAMP/htdocs/Projetos/CodeIgniter/Crud/10/system/CodeIgniter.php(412): CodeIgniter\CodeIgniter->runController(Object(App\Controllers\Games))
#7 /Applications/MAMP/htdocs/Projetos/CodeIgniter/Crud/10/system/CodeIgniter.php(320): CodeIgniter\CodeIgniter->handleRequest(NULL, Object(Config\Cache), false)
#8 /Applications/MAMP/htdocs/Projetos/CodeIgniter/Crud/10/public/index.php(37): CodeIgniter\CodeIgniter->run()
#9 {main}
CRITICAL - 2022-02-21 05:15:05 --> Undefined variable: error_data
#0 /Applications/MAMP/htdocs/Projetos/CodeIgniter/Crud/10/app/Views/Pages/EditGame.php(41): CodeIgniter\Debug\Exceptions->errorHandler(8, 'Undefined varia...', '/Applications/M...', 41, Array)
#1 /Applications/MAMP/htdocs/Projetos/CodeIgniter/Crud/10/system/View/View.php(210): include('/Applications/M...')
#2 /Applications/MAMP/htdocs/Projetos/CodeIgniter/Crud/10/system/View/View.php(213): CodeIgniter\View\View->CodeIgniter\View\{closure}()
#3 /Applications/MAMP/htdocs/Projetos/CodeIgniter/Crud/10/system/Common.php(1089): CodeIgniter\View\View->render('Pages/EditGame', Array, true)
#4 /Applications/MAMP/htdocs/Projetos/CodeIgniter/Crud/10/app/Controllers/Games.php(177): view('Pages/EditGame', Array)
#5 /Applications/MAMP/htdocs/Projetos/CodeIgniter/Crud/10/system/CodeIgniter.php(825): App\Controllers\Games->showFormEditGame('206')
#6 /Applications/MAMP/htdocs/Projetos/CodeIgniter/Crud/10/system/CodeIgniter.php(412): CodeIgniter\CodeIgniter->runController(Object(App\Controllers\Games))
#7 /Applications/MAMP/htdocs/Projetos/CodeIgniter/Crud/10/system/CodeIgniter.php(320): CodeIgniter\CodeIgniter->handleRequest(NULL, Object(Config\Cache), false)
#8 /Applications/MAMP/htdocs/Projetos/CodeIgniter/Crud/10/public/index.php(37): CodeIgniter\CodeIgniter->run()
#9 {main}
CRITICAL - 2022-02-21 05:15:09 --> Undefined variable: error_data
#0 /Applications/MAMP/htdocs/Projetos/CodeIgniter/Crud/10/app/Views/Pages/EditGame.php(41): CodeIgniter\Debug\Exceptions->errorHandler(8, 'Undefined varia...', '/Applications/M...', 41, Array)
#1 /Applications/MAMP/htdocs/Projetos/CodeIgniter/Crud/10/system/View/View.php(210): include('/Applications/M...')
#2 /Applications/MAMP/htdocs/Projetos/CodeIgniter/Crud/10/system/View/View.php(213): CodeIgniter\View\View->CodeIgniter\View\{closure}()
#3 /Applications/MAMP/htdocs/Projetos/CodeIgniter/Crud/10/system/Common.php(1089): CodeIgniter\View\View->render('Pages/EditGame', Array, true)
#4 /Applications/MAMP/htdocs/Projetos/CodeIgniter/Crud/10/app/Controllers/Games.php(177): view('Pages/EditGame', Array)
#5 /Applications/MAMP/htdocs/Projetos/CodeIgniter/Crud/10/system/CodeIgniter.php(825): App\Controllers\Games->showFormEditGame('206')
#6 /Applications/MAMP/htdocs/Projetos/CodeIgniter/Crud/10/system/CodeIgniter.php(412): CodeIgniter\CodeIgniter->runController(Object(App\Controllers\Games))
#7 /Applications/MAMP/htdocs/Projetos/CodeIgniter/Crud/10/system/CodeIgniter.php(320): CodeIgniter\CodeIgniter->handleRequest(NULL, Object(Config\Cache), false)
#8 /Applications/MAMP/htdocs/Projetos/CodeIgniter/Crud/10/public/index.php(37): CodeIgniter\CodeIgniter->run()
#9 {main}
CRITICAL - 2022-02-21 05:16:29 --> Undefined variable: error_data
#0 /Applications/MAMP/htdocs/Projetos/CodeIgniter/Crud/10/app/Views/Pages/EditGame.php(34): CodeIgniter\Debug\Exceptions->errorHandler(8, 'Undefined varia...', '/Applications/M...', 34, Array)
#1 /Applications/MAMP/htdocs/Projetos/CodeIgniter/Crud/10/system/View/View.php(210): include('/Applications/M...')
#2 /Applications/MAMP/htdocs/Projetos/CodeIgniter/Crud/10/system/View/View.php(213): CodeIgniter\View\View->CodeIgniter\View\{closure}()
#3 /Applications/MAMP/htdocs/Projetos/CodeIgniter/Crud/10/system/Common.php(1089): CodeIgniter\View\View->render('Pages/EditGame', Array, true)
#4 /Applications/MAMP/htdocs/Projetos/CodeIgniter/Crud/10/app/Controllers/Games.php(177): view('Pages/EditGame', Array)
#5 /Applications/MAMP/htdocs/Projetos/CodeIgniter/Crud/10/system/CodeIgniter.php(825): App\Controllers\Games->showFormEditGame('206')
#6 /Applications/MAMP/htdocs/Projetos/CodeIgniter/Crud/10/system/CodeIgniter.php(412): CodeIgniter\CodeIgniter->runController(Object(App\Controllers\Games))
#7 /Applications/MAMP/htdocs/Projetos/CodeIgniter/Crud/10/system/CodeIgniter.php(320): CodeIgniter\CodeIgniter->handleRequest(NULL, Object(Config\Cache), false)
#8 /Applications/MAMP/htdocs/Projetos/CodeIgniter/Crud/10/public/index.php(37): CodeIgniter\CodeIgniter->run()
#9 {main}
CRITICAL - 2022-02-21 05:17:05 --> Undefined variable: error_data
#0 /Applications/MAMP/htdocs/Projetos/CodeIgniter/Crud/10/app/Views/Pages/EditGame.php(9): CodeIgniter\Debug\Exceptions->errorHandler(8, 'Undefined varia...', '/Applications/M...', 9, Array)
#1 /Applications/MAMP/htdocs/Projetos/CodeIgniter/Crud/10/system/View/View.php(210): include('/Applications/M...')
#2 /Applications/MAMP/htdocs/Projetos/CodeIgniter/Crud/10/system/View/View.php(213): CodeIgniter\View\View->CodeIgniter\View\{closure}()
#3 /Applications/MAMP/htdocs/Projetos/CodeIgniter/Crud/10/system/Common.php(1089): CodeIgniter\View\View->render('Pages/EditGame', Array, true)
#4 /Applications/MAMP/htdocs/Projetos/CodeIgniter/Crud/10/app/Controllers/Games.php(177): view('Pages/EditGame', Array)
#5 /Applications/MAMP/htdocs/Projetos/CodeIgniter/Crud/10/system/CodeIgniter.php(825): App\Controllers\Games->showFormEditGame('206')
#6 /Applications/MAMP/htdocs/Projetos/CodeIgniter/Crud/10/system/CodeIgniter.php(412): CodeIgniter\CodeIgniter->runController(Object(App\Controllers\Games))
#7 /Applications/MAMP/htdocs/Projetos/CodeIgniter/Crud/10/system/CodeIgniter.php(320): CodeIgniter\CodeIgniter->handleRequest(NULL, Object(Config\Cache), false)
#8 /Applications/MAMP/htdocs/Projetos/CodeIgniter/Crud/10/public/index.php(37): CodeIgniter\CodeIgniter->run()
#9 {main}
CRITICAL - 2022-02-21 05:19:55 --> Undefined variable: error_data
#0 /Applications/MAMP/htdocs/Projetos/CodeIgniter/Crud/10/app/Views/Pages/EditGame.php(34): CodeIgniter\Debug\Exceptions->errorHandler(8, 'Undefined varia...', '/Applications/M...', 34, Array)
#1 /Applications/MAMP/htdocs/Projetos/CodeIgniter/Crud/10/system/View/View.php(210): include('/Applications/M...')
#2 /Applications/MAMP/htdocs/Projetos/CodeIgniter/Crud/10/system/View/View.php(213): CodeIgniter\View\View->CodeIgniter\View\{closure}()
#3 /Applications/MAMP/htdocs/Projetos/CodeIgniter/Crud/10/system/Common.php(1089): CodeIgniter\View\View->render('Pages/EditGame', Array, true)
#4 /Applications/MAMP/htdocs/Projetos/CodeIgniter/Crud/10/app/Controllers/Games.php(179): view('Pages/EditGame', Array)
#5 /Applications/MAMP/htdocs/Projetos/CodeIgniter/Crud/10/system/CodeIgniter.php(825): App\Controllers\Games->showFormEditGame('206')
#6 /Applications/MAMP/htdocs/Projetos/CodeIgniter/Crud/10/system/CodeIgniter.php(412): CodeIgniter\CodeIgniter->runController(Object(App\Controllers\Games))
#7 /Applications/MAMP/htdocs/Projetos/CodeIgniter/Crud/10/system/CodeIgniter.php(320): CodeIgniter\CodeIgniter->handleRequest(NULL, Object(Config\Cache), false)
#8 /Applications/MAMP/htdocs/Projetos/CodeIgniter/Crud/10/public/index.php(37): CodeIgniter\CodeIgniter->run()
#9 {main}
CRITICAL - 2022-02-21 05:21:43 --> Undefined variable: errors
#0 /Applications/MAMP/htdocs/Projetos/CodeIgniter/Crud/10/app/Views/Pages/EditGame.php(34): CodeIgniter\Debug\Exceptions->errorHandler(8, 'Undefined varia...', '/Applications/M...', 34, Array)
#1 /Applications/MAMP/htdocs/Projetos/CodeIgniter/Crud/10/system/View/View.php(210): include('/Applications/M...')
#2 /Applications/MAMP/htdocs/Projetos/CodeIgniter/Crud/10/system/View/View.php(213): CodeIgniter\View\View->CodeIgniter\View\{closure}()
#3 /Applications/MAMP/htdocs/Projetos/CodeIgniter/Crud/10/system/Common.php(1089): CodeIgniter\View\View->render('Pages/EditGame', Array, true)
#4 /Applications/MAMP/htdocs/Projetos/CodeIgniter/Crud/10/app/Controllers/Games.php(179): view('Pages/EditGame', Array)
#5 /Applications/MAMP/htdocs/Projetos/CodeIgniter/Crud/10/system/CodeIgniter.php(825): App\Controllers\Games->showFormEditGame('206')
#6 /Applications/MAMP/htdocs/Projetos/CodeIgniter/Crud/10/system/CodeIgniter.php(412): CodeIgniter\CodeIgniter->runController(Object(App\Controllers\Games))
#7 /Applications/MAMP/htdocs/Projetos/CodeIgniter/Crud/10/system/CodeIgniter.php(320): CodeIgniter\CodeIgniter->handleRequest(NULL, Object(Config\Cache), false)
#8 /Applications/MAMP/htdocs/Projetos/CodeIgniter/Crud/10/public/index.php(37): CodeIgniter\CodeIgniter->run()
#9 {main}
CRITICAL - 2022-02-21 05:24:21 --> Undefined variable: errors
#0 /Applications/MAMP/htdocs/Projetos/CodeIgniter/Crud/10/app/Views/Pages/EditGame.php(34): CodeIgniter\Debug\Exceptions->errorHandler(8, 'Undefined varia...', '/Applications/M...', 34, Array)
#1 /Applications/MAMP/htdocs/Projetos/CodeIgniter/Crud/10/system/View/View.php(210): include('/Applications/M...')
#2 /Applications/MAMP/htdocs/Projetos/CodeIgniter/Crud/10/system/View/View.php(213): CodeIgniter\View\View->CodeIgniter\View\{closure}()
#3 /Applications/MAMP/htdocs/Projetos/CodeIgniter/Crud/10/system/Common.php(1089): CodeIgniter\View\View->render('Pages/EditGame', Array, true)
#4 /Applications/MAMP/htdocs/Projetos/CodeIgniter/Crud/10/app/Controllers/Games.php(177): view('Pages/EditGame', Array)
#5 /Applications/MAMP/htdocs/Projetos/CodeIgniter/Crud/10/system/CodeIgniter.php(825): App\Controllers\Games->showFormEditGame('206')
#6 /Applications/MAMP/htdocs/Projetos/CodeIgniter/Crud/10/system/CodeIgniter.php(412): CodeIgniter\CodeIgniter->runController(Object(App\Controllers\Games))
#7 /Applications/MAMP/htdocs/Projetos/CodeIgniter/Crud/10/system/CodeIgniter.php(320): CodeIgniter\CodeIgniter->handleRequest(NULL, Object(Config\Cache), false)
#8 /Applications/MAMP/htdocs/Projetos/CodeIgniter/Crud/10/public/index.php(37): CodeIgniter\CodeIgniter->run()
#9 {main}
CRITICAL - 2022-02-21 05:24:21 --> Undefined variable: errors
#0 /Applications/MAMP/htdocs/Projetos/CodeIgniter/Crud/10/app/Views/Pages/EditGame.php(34): CodeIgniter\Debug\Exceptions->errorHandler(8, 'Undefined varia...', '/Applications/M...', 34, Array)
#1 /Applications/MAMP/htdocs/Projetos/CodeIgniter/Crud/10/system/View/View.php(210): include('/Applications/M...')
#2 /Applications/MAMP/htdocs/Projetos/CodeIgniter/Crud/10/system/View/View.php(213): CodeIgniter\View\View->CodeIgniter\View\{closure}()
#3 /Applications/MAMP/htdocs/Projetos/CodeIgniter/Crud/10/system/Common.php(1089): CodeIgniter\View\View->render('Pages/EditGame', Array, true)
#4 /Applications/MAMP/htdocs/Projetos/CodeIgniter/Crud/10/app/Controllers/Games.php(177): view('Pages/EditGame', Array)
#5 /Applications/MAMP/htdocs/Projetos/CodeIgniter/Crud/10/system/CodeIgniter.php(825): App\Controllers\Games->showFormEditGame('206')
#6 /Applications/MAMP/htdocs/Projetos/CodeIgniter/Crud/10/system/CodeIgniter.php(412): CodeIgniter\CodeIgniter->runController(Object(App\Controllers\Games))
#7 /Applications/MAMP/htdocs/Projetos/CodeIgniter/Crud/10/system/CodeIgniter.php(320): CodeIgniter\CodeIgniter->handleRequest(NULL, Object(Config\Cache), false)
#8 /Applications/MAMP/htdocs/Projetos/CodeIgniter/Crud/10/public/index.php(37): CodeIgniter\CodeIgniter->run()
#9 {main}
CRITICAL - 2022-02-21 05:25:23 --> Undefined variable: errors
#0 /Applications/MAMP/htdocs/Projetos/CodeIgniter/Crud/10/app/Views/Pages/EditGame.php(34): CodeIgniter\Debug\Exceptions->errorHandler(8, 'Undefined varia...', '/Applications/M...', 34, Array)
#1 /Applications/MAMP/htdocs/Projetos/CodeIgniter/Crud/10/system/View/View.php(210): include('/Applications/M...')
#2 /Applications/MAMP/htdocs/Projetos/CodeIgniter/Crud/10/system/View/View.php(213): CodeIgniter\View\View->CodeIgniter\View\{closure}()
#3 /Applications/MAMP/htdocs/Projetos/CodeIgniter/Crud/10/system/Common.php(1089): CodeIgniter\View\View->render('Pages/EditGame', Array, true)
#4 /Applications/MAMP/htdocs/Projetos/CodeIgniter/Crud/10/app/Controllers/Games.php(177): view('Pages/EditGame', Array)
#5 /Applications/MAMP/htdocs/Projetos/CodeIgniter/Crud/10/system/CodeIgniter.php(825): App\Controllers\Games->showFormEditGame('206')
#6 /Applications/MAMP/htdocs/Projetos/CodeIgniter/Crud/10/system/CodeIgniter.php(412): CodeIgniter\CodeIgniter->runController(Object(App\Controllers\Games))
#7 /Applications/MAMP/htdocs/Projetos/CodeIgniter/Crud/10/system/CodeIgniter.php(320): CodeIgniter\CodeIgniter->handleRequest(NULL, Object(Config\Cache), false)
#8 /Applications/MAMP/htdocs/Projetos/CodeIgniter/Crud/10/public/index.php(37): CodeIgniter\CodeIgniter->run()
#9 {main}
CRITICAL - 2022-02-21 05:26:33 --> Undefined variable: errors
#0 /Applications/MAMP/htdocs/Projetos/CodeIgniter/Crud/10/app/Views/Pages/EditGame.php(34): CodeIgniter\Debug\Exceptions->errorHandler(8, 'Undefined varia...', '/Applications/M...', 34, Array)
#1 /Applications/MAMP/htdocs/Projetos/CodeIgniter/Crud/10/system/View/View.php(210): include('/Applications/M...')
#2 /Applications/MAMP/htdocs/Projetos/CodeIgniter/Crud/10/system/View/View.php(213): CodeIgniter\View\View->CodeIgniter\View\{closure}()
#3 /Applications/MAMP/htdocs/Projetos/CodeIgniter/Crud/10/system/Common.php(1089): CodeIgniter\View\View->render('Pages/EditGame', Array, true)
#4 /Applications/MAMP/htdocs/Projetos/CodeIgniter/Crud/10/app/Controllers/Games.php(177): view('Pages/EditGame', Array)
#5 /Applications/MAMP/htdocs/Projetos/CodeIgniter/Crud/10/system/CodeIgniter.php(825): App\Controllers\Games->showFormEditGame('206')
#6 /Applications/MAMP/htdocs/Projetos/CodeIgniter/Crud/10/system/CodeIgniter.php(412): CodeIgniter\CodeIgniter->runController(Object(App\Controllers\Games))
#7 /Applications/MAMP/htdocs/Projetos/CodeIgniter/Crud/10/system/CodeIgniter.php(320): CodeIgniter\CodeIgniter->handleRequest(NULL, Object(Config\Cache), false)
#8 /Applications/MAMP/htdocs/Projetos/CodeIgniter/Crud/10/public/index.php(37): CodeIgniter\CodeIgniter->run()
#9 {main}
CRITICAL - 2022-02-21 05:26:34 --> Undefined variable: errors
#0 /Applications/MAMP/htdocs/Projetos/CodeIgniter/Crud/10/app/Views/Pages/EditGame.php(34): CodeIgniter\Debug\Exceptions->errorHandler(8, 'Undefined varia...', '/Applications/M...', 34, Array)
#1 /Applications/MAMP/htdocs/Projetos/CodeIgniter/Crud/10/system/View/View.php(210): include('/Applications/M...')
#2 /Applications/MAMP/htdocs/Projetos/CodeIgniter/Crud/10/system/View/View.php(213): CodeIgniter\View\View->CodeIgniter\View\{closure}()
#3 /Applications/MAMP/htdocs/Projetos/CodeIgniter/Crud/10/system/Common.php(1089): CodeIgniter\View\View->render('Pages/EditGame', Array, true)
#4 /Applications/MAMP/htdocs/Projetos/CodeIgniter/Crud/10/app/Controllers/Games.php(177): view('Pages/EditGame', Array)
#5 /Applications/MAMP/htdocs/Projetos/CodeIgniter/Crud/10/system/CodeIgniter.php(825): App\Controllers\Games->showFormEditGame('206')
#6 /Applications/MAMP/htdocs/Projetos/CodeIgniter/Crud/10/system/CodeIgniter.php(412): CodeIgniter\CodeIgniter->runController(Object(App\Controllers\Games))
#7 /Applications/MAMP/htdocs/Projetos/CodeIgniter/Crud/10/system/CodeIgniter.php(320): CodeIgniter\CodeIgniter->handleRequest(NULL, Object(Config\Cache), false)
#8 /Applications/MAMP/htdocs/Projetos/CodeIgniter/Crud/10/public/index.php(37): CodeIgniter\CodeIgniter->run()
#9 {main}
CRITICAL - 2022-02-21 05:31:14 --> Undefined variable: errors
#0 /Applications/MAMP/htdocs/Projetos/CodeIgniter/Crud/10/app/Views/Pages/EditGame.php(34): CodeIgniter\Debug\Exceptions->errorHandler(8, 'Undefined varia...', '/Applications/M...', 34, Array)
#1 /Applications/MAMP/htdocs/Projetos/CodeIgniter/Crud/10/system/View/View.php(210): include('/Applications/M...')
#2 /Applications/MAMP/htdocs/Projetos/CodeIgniter/Crud/10/system/View/View.php(213): CodeIgniter\View\View->CodeIgniter\View\{closure}()
#3 /Applications/MAMP/htdocs/Projetos/CodeIgniter/Crud/10/system/Common.php(1089): CodeIgniter\View\View->render('Pages/EditGame', Array, true)
#4 /Applications/MAMP/htdocs/Projetos/CodeIgniter/Crud/10/app/Controllers/Games.php(177): view('Pages/EditGame', Array)
#5 /Applications/MAMP/htdocs/Projetos/CodeIgniter/Crud/10/system/CodeIgniter.php(825): App\Controllers\Games->showFormEditGame('206')
#6 /Applications/MAMP/htdocs/Projetos/CodeIgniter/Crud/10/system/CodeIgniter.php(412): CodeIgniter\CodeIgniter->runController(Object(App\Controllers\Games))
#7 /Applications/MAMP/htdocs/Projetos/CodeIgniter/Crud/10/system/CodeIgniter.php(320): CodeIgniter\CodeIgniter->handleRequest(NULL, Object(Config\Cache), false)
#8 /Applications/MAMP/htdocs/Projetos/CodeIgniter/Crud/10/public/index.php(37): CodeIgniter\CodeIgniter->run()
#9 {main}
CRITICAL - 2022-02-21 05:39:48 --> Undefined variable: errors
#0 /Applications/MAMP/htdocs/Projetos/CodeIgniter/Crud/10/app/Views/Pages/EditGame.php(34): CodeIgniter\Debug\Exceptions->errorHandler(8, 'Undefined varia...', '/Applications/M...', 34, Array)
#1 /Applications/MAMP/htdocs/Projetos/CodeIgniter/Crud/10/system/View/View.php(210): include('/Applications/M...')
#2 /Applications/MAMP/htdocs/Projetos/CodeIgniter/Crud/10/system/View/View.php(213): CodeIgniter\View\View->CodeIgniter\View\{closure}()
#3 /Applications/MAMP/htdocs/Projetos/CodeIgniter/Crud/10/system/Common.php(1089): CodeIgniter\View\View->render('Pages/EditGame', Array, true)
#4 /Applications/MAMP/htdocs/Projetos/CodeIgniter/Crud/10/app/Controllers/Games.php(176): view('Pages/EditGame', Array)
#5 /Applications/MAMP/htdocs/Projetos/CodeIgniter/Crud/10/system/CodeIgniter.php(825): App\Controllers\Games->showFormEditGame('206')
#6 /Applications/MAMP/htdocs/Projetos/CodeIgniter/Crud/10/system/CodeIgniter.php(412): CodeIgniter\CodeIgniter->runController(Object(App\Controllers\Games))
#7 /Applications/MAMP/htdocs/Projetos/CodeIgniter/Crud/10/system/CodeIgniter.php(320): CodeIgniter\CodeIgniter->handleRequest(NULL, Object(Config\Cache), false)
#8 /Applications/MAMP/htdocs/Projetos/CodeIgniter/Crud/10/public/index.php(37): CodeIgniter\CodeIgniter->run()
#9 {main}
CRITICAL - 2022-02-21 05:42:29 --> Invalid argument supplied for foreach()
#0 /Applications/MAMP/htdocs/Projetos/CodeIgniter/Crud/10/app/Views/Pages/EditGame.php(39): CodeIgniter\Debug\Exceptions->errorHandler(2, 'Invalid argumen...', '/Applications/M...', 39, Array)
#1 /Applications/MAMP/htdocs/Projetos/CodeIgniter/Crud/10/system/View/View.php(210): include('/Applications/M...')
#2 /Applications/MAMP/htdocs/Projetos/CodeIgniter/Crud/10/system/View/View.php(213): CodeIgniter\View\View->CodeIgniter\View\{closure}()
#3 /Applications/MAMP/htdocs/Projetos/CodeIgniter/Crud/10/system/Common.php(1089): CodeIgniter\View\View->render('Pages/EditGame', Array, true)
#4 /Applications/MAMP/htdocs/Projetos/CodeIgniter/Crud/10/app/Controllers/Games.php(177): view('Pages/EditGame', Array)
#5 /Applications/MAMP/htdocs/Projetos/CodeIgniter/Crud/10/system/CodeIgniter.php(825): App\Controllers\Games->showFormEditGame('206')
#6 /Applications/MAMP/htdocs/Projetos/CodeIgniter/Crud/10/system/CodeIgniter.php(412): CodeIgniter\CodeIgniter->runController(Object(App\Controllers\Games))
#7 /Applications/MAMP/htdocs/Projetos/CodeIgniter/Crud/10/system/CodeIgniter.php(320): CodeIgniter\CodeIgniter->handleRequest(NULL, Object(Config\Cache), false)
#8 /Applications/MAMP/htdocs/Projetos/CodeIgniter/Crud/10/public/index.php(37): CodeIgniter\CodeIgniter->run()
#9 {main}
CRITICAL - 2022-02-21 05:47:34 --> Cannot use object of type stdClass as array
#0 /Applications/MAMP/htdocs/Projetos/CodeIgniter/Crud/10/system/View/View.php(210): include()
#1 /Applications/MAMP/htdocs/Projetos/CodeIgniter/Crud/10/system/View/View.php(213): CodeIgniter\View\View->CodeIgniter\View\{closure}()
#2 /Applications/MAMP/htdocs/Projetos/CodeIgniter/Crud/10/system/Common.php(1089): CodeIgniter\View\View->render('Pages/EditGame', Array, true)
#3 /Applications/MAMP/htdocs/Projetos/CodeIgniter/Crud/10/app/Controllers/Games.php(177): view('Pages/EditGame', Array)
#4 /Applications/MAMP/htdocs/Projetos/CodeIgniter/Crud/10/system/CodeIgniter.php(825): App\Controllers\Games->showFormEditGame('206')
#5 /Applications/MAMP/htdocs/Projetos/CodeIgniter/Crud/10/system/CodeIgniter.php(412): CodeIgniter\CodeIgniter->runController(Object(App\Controllers\Games))
#6 /Applications/MAMP/htdocs/Projetos/CodeIgniter/Crud/10/system/CodeIgniter.php(320): CodeIgniter\CodeIgniter->handleRequest(NULL, Object(Config\Cache), false)
#7 /Applications/MAMP/htdocs/Projetos/CodeIgniter/Crud/10/public/index.php(37): CodeIgniter\CodeIgniter->run()
#8 {main}
CRITICAL - 2022-02-21 05:52:13 --> syntax error, unexpected '}', expecting elseif (T_ELSEIF) or else (T_ELSE) or endif (T_ENDIF)
#0 /Applications/MAMP/htdocs/Projetos/CodeIgniter/Crud/10/system/Router/Router.php(175): CodeIgniter\Router\Router->autoRoute('Games')
#1 /Applications/MAMP/htdocs/Projetos/CodeIgniter/Crud/10/system/CodeIgniter.php(719): CodeIgniter\Router\Router->handle('Games')
#2 /Applications/MAMP/htdocs/Projetos/CodeIgniter/Crud/10/system/CodeIgniter.php(361): CodeIgniter\CodeIgniter->tryToRouteIt(Object(CodeIgniter\Router\RouteCollection))
#3 /Applications/MAMP/htdocs/Projetos/CodeIgniter/Crud/10/system/CodeIgniter.php(320): CodeIgniter\CodeIgniter->handleRequest(NULL, Object(Config\Cache), false)
#4 /Applications/MAMP/htdocs/Projetos/CodeIgniter/Crud/10/public/index.php(37): CodeIgniter\CodeIgniter->run()
#5 {main}
CRITICAL - 2022-02-21 06:02:13 --> Trying to get property 'errno' of non-object
#0 /Applications/MAMP/htdocs/Projetos/CodeIgniter/Crud/10/system/Database/MySQLi/Connection.php(555): CodeIgniter\Debug\Exceptions->errorHandler(8, 'Trying to get p...', '/Applications/M...', 555, Array)
#1 /Applications/MAMP/htdocs/Projetos/CodeIgniter/Crud/10/system/Model.php(411): CodeIgniter\Database\MySQLi\Connection->error()
#2 /Applications/MAMP/htdocs/Projetos/CodeIgniter/Crud/10/system/BaseModel.php(1059): CodeIgniter\Model->doErrors()
#3 /Applications/MAMP/htdocs/Projetos/CodeIgniter/Crud/10/app/Controllers/Games.php(128): CodeIgniter\BaseModel->errors()
#4 /Applications/MAMP/htdocs/Projetos/CodeIgniter/Crud/10/system/CodeIgniter.php(825): App\Controllers\Games->addGame()
#5 /Applications/MAMP/htdocs/Projetos/CodeIgniter/Crud/10/system/CodeIgniter.php(412): CodeIgniter\CodeIgniter->runController(Object(App\Controllers\Games))
#6 /Applications/MAMP/htdocs/Projetos/CodeIgniter/Crud/10/system/CodeIgniter.php(320): CodeIgniter\CodeIgniter->handleRequest(NULL, Object(Config\Cache), false)
#7 /Applications/MAMP/htdocs/Projetos/CodeIgniter/Crud/10/public/index.php(37): CodeIgniter\CodeIgniter->run()
#8 {main}
CRITICAL - 2022-02-21 06:02:37 --> Trying to get property 'errno' of non-object
#0 /Applications/MAMP/htdocs/Projetos/CodeIgniter/Crud/10/system/Database/MySQLi/Connection.php(555): CodeIgniter\Debug\Exceptions->errorHandler(8, 'Trying to get p...', '/Applications/M...', 555, Array)
#1 /Applications/MAMP/htdocs/Projetos/CodeIgniter/Crud/10/system/Model.php(411): CodeIgniter\Database\MySQLi\Connection->error()
#2 /Applications/MAMP/htdocs/Projetos/CodeIgniter/Crud/10/system/BaseModel.php(1059): CodeIgniter\Model->doErrors()
#3 /Applications/MAMP/htdocs/Projetos/CodeIgniter/Crud/10/app/Controllers/Games.php(128): CodeIgniter\BaseModel->errors()
#4 /Applications/MAMP/htdocs/Projetos/CodeIgniter/Crud/10/system/CodeIgniter.php(825): App\Controllers\Games->addGame()
#5 /Applications/MAMP/htdocs/Projetos/CodeIgniter/Crud/10/system/CodeIgniter.php(412): CodeIgniter\CodeIgniter->runController(Object(App\Controllers\Games))
#6 /Applications/MAMP/htdocs/Projetos/CodeIgniter/Crud/10/system/CodeIgniter.php(320): CodeIgniter\CodeIgniter->handleRequest(NULL, Object(Config\Cache), false)
#7 /Applications/MAMP/htdocs/Projetos/CodeIgniter/Crud/10/public/index.php(37): CodeIgniter\CodeIgniter->run()
#8 {main}
CRITICAL - 2022-02-21 06:02:49 --> Trying to get property 'errno' of non-object
#0 /Applications/MAMP/htdocs/Projetos/CodeIgniter/Crud/10/system/Database/MySQLi/Connection.php(555): CodeIgniter\Debug\Exceptions->errorHandler(8, 'Trying to get p...', '/Applications/M...', 555, Array)
#1 /Applications/MAMP/htdocs/Projetos/CodeIgniter/Crud/10/system/Model.php(411): CodeIgniter\Database\MySQLi\Connection->error()
#2 /Applications/MAMP/htdocs/Projetos/CodeIgniter/Crud/10/system/BaseModel.php(1059): CodeIgniter\Model->doErrors()
#3 /Applications/MAMP/htdocs/Projetos/CodeIgniter/Crud/10/app/Controllers/Games.php(128): CodeIgniter\BaseModel->errors()
#4 /Applications/MAMP/htdocs/Projetos/CodeIgniter/Crud/10/system/CodeIgniter.php(825): App\Controllers\Games->addGame()
#5 /Applications/MAMP/htdocs/Projetos/CodeIgniter/Crud/10/system/CodeIgniter.php(412): CodeIgniter\CodeIgniter->runController(Object(App\Controllers\Games))
#6 /Applications/MAMP/htdocs/Projetos/CodeIgniter/Crud/10/system/CodeIgniter.php(320): CodeIgniter\CodeIgniter->handleRequest(NULL, Object(Config\Cache), false)
#7 /Applications/MAMP/htdocs/Projetos/CodeIgniter/Crud/10/public/index.php(37): CodeIgniter\CodeIgniter->run()
#8 {main}
CRITICAL - 2022-02-21 06:02:54 --> Trying to get property 'errno' of non-object
#0 /Applications/MAMP/htdocs/Projetos/CodeIgniter/Crud/10/system/Database/MySQLi/Connection.php(555): CodeIgniter\Debug\Exceptions->errorHandler(8, 'Trying to get p...', '/Applications/M...', 555, Array)
#1 /Applications/MAMP/htdocs/Projetos/CodeIgniter/Crud/10/system/Model.php(411): CodeIgniter\Database\MySQLi\Connection->error()
#2 /Applications/MAMP/htdocs/Projetos/CodeIgniter/Crud/10/system/BaseModel.php(1059): CodeIgniter\Model->doErrors()
#3 /Applications/MAMP/htdocs/Projetos/CodeIgniter/Crud/10/app/Controllers/Games.php(128): CodeIgniter\BaseModel->errors()
#4 /Applications/MAMP/htdocs/Projetos/CodeIgniter/Crud/10/system/CodeIgniter.php(825): App\Controllers\Games->addGame()
#5 /Applications/MAMP/htdocs/Projetos/CodeIgniter/Crud/10/system/CodeIgniter.php(412): CodeIgniter\CodeIgniter->runController(Object(App\Controllers\Games))
#6 /Applications/MAMP/htdocs/Projetos/CodeIgniter/Crud/10/system/CodeIgniter.php(320): CodeIgniter\CodeIgniter->handleRequest(NULL, Object(Config\Cache), false)
#7 /Applications/MAMP/htdocs/Projetos/CodeIgniter/Crud/10/public/index.php(37): CodeIgniter\CodeIgniter->run()
#8 {main}
CRITICAL - 2022-02-21 06:03:15 --> Trying to get property 'errno' of non-object
#0 /Applications/MAMP/htdocs/Projetos/CodeIgniter/Crud/10/system/Database/MySQLi/Connection.php(555): CodeIgniter\Debug\Exceptions->errorHandler(8, 'Trying to get p...', '/Applications/M...', 555, Array)
#1 /Applications/MAMP/htdocs/Projetos/CodeIgniter/Crud/10/system/Model.php(411): CodeIgniter\Database\MySQLi\Connection->error()
#2 /Applications/MAMP/htdocs/Projetos/CodeIgniter/Crud/10/system/BaseModel.php(1059): CodeIgniter\Model->doErrors()
#3 /Applications/MAMP/htdocs/Projetos/CodeIgniter/Crud/10/app/Controllers/Games.php(128): CodeIgniter\BaseModel->errors()
#4 /Applications/MAMP/htdocs/Projetos/CodeIgniter/Crud/10/system/CodeIgniter.php(825): App\Controllers\Games->addGame()
#5 /Applications/MAMP/htdocs/Projetos/CodeIgniter/Crud/10/system/CodeIgniter.php(412): CodeIgniter\CodeIgniter->runController(Object(App\Controllers\Games))
#6 /Applications/MAMP/htdocs/Projetos/CodeIgniter/Crud/10/system/CodeIgniter.php(320): CodeIgniter\CodeIgniter->handleRequest(NULL, Object(Config\Cache), false)
#7 /Applications/MAMP/htdocs/Projetos/CodeIgniter/Crud/10/public/index.php(37): CodeIgniter\CodeIgniter->run()
#8 {main}
CRITICAL - 2022-02-21 06:03:19 --> Trying to get property 'errno' of non-object
#0 /Applications/MAMP/htdocs/Projetos/CodeIgniter/Crud/10/system/Database/MySQLi/Connection.php(555): CodeIgniter\Debug\Exceptions->errorHandler(8, 'Trying to get p...', '/Applications/M...', 555, Array)
#1 /Applications/MAMP/htdocs/Projetos/CodeIgniter/Crud/10/system/Model.php(411): CodeIgniter\Database\MySQLi\Connection->error()
#2 /Applications/MAMP/htdocs/Projetos/CodeIgniter/Crud/10/system/BaseModel.php(1059): CodeIgniter\Model->doErrors()
#3 /Applications/MAMP/htdocs/Projetos/CodeIgniter/Crud/10/app/Controllers/Games.php(128): CodeIgniter\BaseModel->errors()
#4 /Applications/MAMP/htdocs/Projetos/CodeIgniter/Crud/10/system/CodeIgniter.php(825): App\Controllers\Games->addGame()
#5 /Applications/MAMP/htdocs/Projetos/CodeIgniter/Crud/10/system/CodeIgniter.php(412): CodeIgniter\CodeIgniter->runController(Object(App\Controllers\Games))
#6 /Applications/MAMP/htdocs/Projetos/CodeIgniter/Crud/10/system/CodeIgniter.php(320): CodeIgniter\CodeIgniter->handleRequest(NULL, Object(Config\Cache), false)
#7 /Applications/MAMP/htdocs/Projetos/CodeIgniter/Crud/10/public/index.php(37): CodeIgniter\CodeIgniter->run()
#8 {main}
CRITICAL - 2022-02-21 06:03:29 --> Trying to get property 'errno' of non-object
#0 /Applications/MAMP/htdocs/Projetos/CodeIgniter/Crud/10/system/Database/MySQLi/Connection.php(555): CodeIgniter\Debug\Exceptions->errorHandler(8, 'Trying to get p...', '/Applications/M...', 555, Array)
#1 /Applications/MAMP/htdocs/Projetos/CodeIgniter/Crud/10/system/Model.php(411): CodeIgniter\Database\MySQLi\Connection->error()
#2 /Applications/MAMP/htdocs/Projetos/CodeIgniter/Crud/10/system/BaseModel.php(1059): CodeIgniter\Model->doErrors()
#3 /Applications/MAMP/htdocs/Projetos/CodeIgniter/Crud/10/app/Controllers/Games.php(128): CodeIgniter\BaseModel->errors()
#4 /Applications/MAMP/htdocs/Projetos/CodeIgniter/Crud/10/system/CodeIgniter.php(825): App\Controllers\Games->addGame()
#5 /Applications/MAMP/htdocs/Projetos/CodeIgniter/Crud/10/system/CodeIgniter.php(412): CodeIgniter\CodeIgniter->runController(Object(App\Controllers\Games))
#6 /Applications/MAMP/htdocs/Projetos/CodeIgniter/Crud/10/system/CodeIgniter.php(320): CodeIgniter\CodeIgniter->handleRequest(NULL, Object(Config\Cache), false)
#7 /Applications/MAMP/htdocs/Projetos/CodeIgniter/Crud/10/public/index.php(37): CodeIgniter\CodeIgniter->run()
#8 {main}
CRITICAL - 2022-02-21 06:03:32 --> Trying to get property 'errno' of non-object
#0 /Applications/MAMP/htdocs/Projetos/CodeIgniter/Crud/10/system/Database/MySQLi/Connection.php(555): CodeIgniter\Debug\Exceptions->errorHandler(8, 'Trying to get p...', '/Applications/M...', 555, Array)
#1 /Applications/MAMP/htdocs/Projetos/CodeIgniter/Crud/10/system/Model.php(411): CodeIgniter\Database\MySQLi\Connection->error()
#2 /Applications/MAMP/htdocs/Projetos/CodeIgniter/Crud/10/system/BaseModel.php(1059): CodeIgniter\Model->doErrors()
#3 /Applications/MAMP/htdocs/Projetos/CodeIgniter/Crud/10/app/Controllers/Games.php(128): CodeIgniter\BaseModel->errors()
#4 /Applications/MAMP/htdocs/Projetos/CodeIgniter/Crud/10/system/CodeIgniter.php(825): App\Controllers\Games->addGame()
#5 /Applications/MAMP/htdocs/Projetos/CodeIgniter/Crud/10/system/CodeIgniter.php(412): CodeIgniter\CodeIgniter->runController(Object(App\Controllers\Games))
#6 /Applications/MAMP/htdocs/Projetos/CodeIgniter/Crud/10/system/CodeIgniter.php(320): CodeIgniter\CodeIgniter->handleRequest(NULL, Object(Config\Cache), false)
#7 /Applications/MAMP/htdocs/Projetos/CodeIgniter/Crud/10/public/index.php(37): CodeIgniter\CodeIgniter->run()
#8 {main}
CRITICAL - 2022-02-21 06:03:55 --> Trying to get property 'errno' of non-object
#0 /Applications/MAMP/htdocs/Projetos/CodeIgniter/Crud/10/system/Database/MySQLi/Connection.php(555): CodeIgniter\Debug\Exceptions->errorHandler(8, 'Trying to get p...', '/Applications/M...', 555, Array)
#1 /Applications/MAMP/htdocs/Projetos/CodeIgniter/Crud/10/system/Model.php(411): CodeIgniter\Database\MySQLi\Connection->error()
#2 /Applications/MAMP/htdocs/Projetos/CodeIgniter/Crud/10/system/BaseModel.php(1059): CodeIgniter\Model->doErrors()
#3 /Applications/MAMP/htdocs/Projetos/CodeIgniter/Crud/10/app/Controllers/Games.php(128): CodeIgniter\BaseModel->errors()
#4 /Applications/MAMP/htdocs/Projetos/CodeIgniter/Crud/10/system/CodeIgniter.php(825): App\Controllers\Games->addGame()
#5 /Applications/MAMP/htdocs/Projetos/CodeIgniter/Crud/10/system/CodeIgniter.php(412): CodeIgniter\CodeIgniter->runController(Object(App\Controllers\Games))
#6 /Applications/MAMP/htdocs/Projetos/CodeIgniter/Crud/10/system/CodeIgniter.php(320): CodeIgniter\CodeIgniter->handleRequest(NULL, Object(Config\Cache), false)
#7 /Applications/MAMP/htdocs/Projetos/CodeIgniter/Crud/10/public/index.php(37): CodeIgniter\CodeIgniter->run()
#8 {main}
CRITICAL - 2022-02-21 06:04:40 --> Trying to get property 'errno' of non-object
#0 /Applications/MAMP/htdocs/Projetos/CodeIgniter/Crud/10/system/Database/MySQLi/Connection.php(555): CodeIgniter\Debug\Exceptions->errorHandler(8, 'Trying to get p...', '/Applications/M...', 555, Array)
#1 /Applications/MAMP/htdocs/Projetos/CodeIgniter/Crud/10/system/Model.php(411): CodeIgniter\Database\MySQLi\Connection->error()
#2 /Applications/MAMP/htdocs/Projetos/CodeIgniter/Crud/10/system/BaseModel.php(1059): CodeIgniter\Model->doErrors()
#3 /Applications/MAMP/htdocs/Projetos/CodeIgniter/Crud/10/app/Controllers/Games.php(128): CodeIgniter\BaseModel->errors()
#4 /Applications/MAMP/htdocs/Projetos/CodeIgniter/Crud/10/system/CodeIgniter.php(825): App\Controllers\Games->addGame()
#5 /Applications/MAMP/htdocs/Projetos/CodeIgniter/Crud/10/system/CodeIgniter.php(412): CodeIgniter\CodeIgniter->runController(Object(App\Controllers\Games))
#6 /Applications/MAMP/htdocs/Projetos/CodeIgniter/Crud/10/system/CodeIgniter.php(320): CodeIgniter\CodeIgniter->handleRequest(NULL, Object(Config\Cache), false)
#7 /Applications/MAMP/htdocs/Projetos/CodeIgniter/Crud/10/public/index.php(37): CodeIgniter\CodeIgniter->run()
#8 {main}
CRITICAL - 2022-02-21 06:04:44 --> Trying to get property 'errno' of non-object
#0 /Applications/MAMP/htdocs/Projetos/CodeIgniter/Crud/10/system/Database/MySQLi/Connection.php(555): CodeIgniter\Debug\Exceptions->errorHandler(8, 'Trying to get p...', '/Applications/M...', 555, Array)
#1 /Applications/MAMP/htdocs/Projetos/CodeIgniter/Crud/10/system/Model.php(411): CodeIgniter\Database\MySQLi\Connection->error()
#2 /Applications/MAMP/htdocs/Projetos/CodeIgniter/Crud/10/system/BaseModel.php(1059): CodeIgniter\Model->doErrors()
#3 /Applications/MAMP/htdocs/Projetos/CodeIgniter/Crud/10/app/Controllers/Games.php(128): CodeIgniter\BaseModel->errors()
#4 /Applications/MAMP/htdocs/Projetos/CodeIgniter/Crud/10/system/CodeIgniter.php(825): App\Controllers\Games->addGame()
#5 /Applications/MAMP/htdocs/Projetos/CodeIgniter/Crud/10/system/CodeIgniter.php(412): CodeIgniter\CodeIgniter->runController(Object(App\Controllers\Games))
#6 /Applications/MAMP/htdocs/Projetos/CodeIgniter/Crud/10/system/CodeIgniter.php(320): CodeIgniter\CodeIgniter->handleRequest(NULL, Object(Config\Cache), false)
#7 /Applications/MAMP/htdocs/Projetos/CodeIgniter/Crud/10/public/index.php(37): CodeIgniter\CodeIgniter->run()
#8 {main}
CRITICAL - 2022-02-21 06:05:08 --> Trying to get property 'errno' of non-object
#0 /Applications/MAMP/htdocs/Projetos/CodeIgniter/Crud/10/system/Database/MySQLi/Connection.php(555): CodeIgniter\Debug\Exceptions->errorHandler(8, 'Trying to get p...', '/Applications/M...', 555, Array)
#1 /Applications/MAMP/htdocs/Projetos/CodeIgniter/Crud/10/system/Model.php(411): CodeIgniter\Database\MySQLi\Connection->error()
#2 /Applications/MAMP/htdocs/Projetos/CodeIgniter/Crud/10/system/BaseModel.php(1059): CodeIgniter\Model->doErrors()
#3 /Applications/MAMP/htdocs/Projetos/CodeIgniter/Crud/10/app/Controllers/Games.php(128): CodeIgniter\BaseModel->errors()
#4 /Applications/MAMP/htdocs/Projetos/CodeIgniter/Crud/10/system/CodeIgniter.php(825): App\Controllers\Games->addGame()
#5 /Applications/MAMP/htdocs/Projetos/CodeIgniter/Crud/10/system/CodeIgniter.php(412): CodeIgniter\CodeIgniter->runController(Object(App\Controllers\Games))
#6 /Applications/MAMP/htdocs/Projetos/CodeIgniter/Crud/10/system/CodeIgniter.php(320): CodeIgniter\CodeIgniter->handleRequest(NULL, Object(Config\Cache), false)
#7 /Applications/MAMP/htdocs/Projetos/CodeIgniter/Crud/10/public/index.php(37): CodeIgniter\CodeIgniter->run()
#8 {main}
CRITICAL - 2022-02-21 06:05:59 --> Trying to get property 'errno' of non-object
#0 /Applications/MAMP/htdocs/Projetos/CodeIgniter/Crud/10/system/Database/MySQLi/Connection.php(555): CodeIgniter\Debug\Exceptions->errorHandler(8, 'Trying to get p...', '/Applications/M...', 555, Array)
#1 /Applications/MAMP/htdocs/Projetos/CodeIgniter/Crud/10/system/Model.php(411): CodeIgniter\Database\MySQLi\Connection->error()
#2 /Applications/MAMP/htdocs/Projetos/CodeIgniter/Crud/10/system/BaseModel.php(1059): CodeIgniter\Model->doErrors()
#3 /Applications/MAMP/htdocs/Projetos/CodeIgniter/Crud/10/app/Controllers/Games.php(129): CodeIgniter\BaseModel->errors()
#4 /Applications/MAMP/htdocs/Projetos/CodeIgniter/Crud/10/system/CodeIgniter.php(825): App\Controllers\Games->addGame()
#5 /Applications/MAMP/htdocs/Projetos/CodeIgniter/Crud/10/system/CodeIgniter.php(412): CodeIgniter\CodeIgniter->runController(Object(App\Controllers\Games))
#6 /Applications/MAMP/htdocs/Projetos/CodeIgniter/Crud/10/system/CodeIgniter.php(320): CodeIgniter\CodeIgniter->handleRequest(NULL, Object(Config\Cache), false)
#7 /Applications/MAMP/htdocs/Projetos/CodeIgniter/Crud/10/public/index.php(37): CodeIgniter\CodeIgniter->run()
#8 {main}
CRITICAL - 2022-02-21 06:06:07 --> Trying to get property 'errno' of non-object
#0 /Applications/MAMP/htdocs/Projetos/CodeIgniter/Crud/10/system/Database/MySQLi/Connection.php(555): CodeIgniter\Debug\Exceptions->errorHandler(8, 'Trying to get p...', '/Applications/M...', 555, Array)
#1 /Applications/MAMP/htdocs/Projetos/CodeIgniter/Crud/10/system/Model.php(411): CodeIgniter\Database\MySQLi\Connection->error()
#2 /Applications/MAMP/htdocs/Projetos/CodeIgniter/Crud/10/system/BaseModel.php(1059): CodeIgniter\Model->doErrors()
#3 /Applications/MAMP/htdocs/Projetos/CodeIgniter/Crud/10/app/Controllers/Games.php(129): CodeIgniter\BaseModel->errors()
#4 /Applications/MAMP/htdocs/Projetos/CodeIgniter/Crud/10/system/CodeIgniter.php(825): App\Controllers\Games->addGame()
#5 /Applications/MAMP/htdocs/Projetos/CodeIgniter/Crud/10/system/CodeIgniter.php(412): CodeIgniter\CodeIgniter->runController(Object(App\Controllers\Games))
#6 /Applications/MAMP/htdocs/Projetos/CodeIgniter/Crud/10/system/CodeIgniter.php(320): CodeIgniter\CodeIgniter->handleRequest(NULL, Object(Config\Cache), false)
#7 /Applications/MAMP/htdocs/Projetos/CodeIgniter/Crud/10/public/index.php(37): CodeIgniter\CodeIgniter->run()
#8 {main}
CRITICAL - 2022-02-21 06:08:59 --> Trying to get property 'errno' of non-object
#0 /Applications/MAMP/htdocs/Projetos/CodeIgniter/Crud/10/system/Database/MySQLi/Connection.php(555): CodeIgniter\Debug\Exceptions->errorHandler(8, 'Trying to get p...', '/Applications/M...', 555, Array)
#1 /Applications/MAMP/htdocs/Projetos/CodeIgniter/Crud/10/system/Model.php(411): CodeIgniter\Database\MySQLi\Connection->error()
#2 /Applications/MAMP/htdocs/Projetos/CodeIgniter/Crud/10/system/BaseModel.php(1059): CodeIgniter\Model->doErrors()
#3 /Applications/MAMP/htdocs/Projetos/CodeIgniter/Crud/10/app/Controllers/Games.php(127): CodeIgniter\BaseModel->errors()
#4 /Applications/MAMP/htdocs/Projetos/CodeIgniter/Crud/10/system/CodeIgniter.php(825): App\Controllers\Games->addGame()
#5 /Applications/MAMP/htdocs/Projetos/CodeIgniter/Crud/10/system/CodeIgniter.php(412): CodeIgniter\CodeIgniter->runController(Object(App\Controllers\Games))
#6 /Applications/MAMP/htdocs/Projetos/CodeIgniter/Crud/10/system/CodeIgniter.php(320): CodeIgniter\CodeIgniter->handleRequest(NULL, Object(Config\Cache), false)
#7 /Applications/MAMP/htdocs/Projetos/CodeIgniter/Crud/10/public/index.php(37): CodeIgniter\CodeIgniter->run()
#8 {main}
CRITICAL - 2022-02-21 06:09:55 -->  is not a valid rule.
#0 /Applications/MAMP/htdocs/Projetos/CodeIgniter/Crud/10/system/Validation/Validation.php(300): CodeIgniter\Validation\Exceptions\ValidationException::forRuleNotFound('')
#1 /Applications/MAMP/htdocs/Projetos/CodeIgniter/Crud/10/system/Validation/Validation.php(157): CodeIgniter\Validation\Validation->processRules('erros', 'erros', NULL, Array, Array)
#2 /Applications/MAMP/htdocs/Projetos/CodeIgniter/Crud/10/system/Controller.php(160): CodeIgniter\Validation\Validation->run()
#3 /Applications/MAMP/htdocs/Projetos/CodeIgniter/Crud/10/app/Controllers/Games.php(92): CodeIgniter\Controller->validate(Array)
#4 /Applications/MAMP/htdocs/Projetos/CodeIgniter/Crud/10/system/CodeIgniter.php(825): App\Controllers\Games->addGame()
#5 /Applications/MAMP/htdocs/Projetos/CodeIgniter/Crud/10/system/CodeIgniter.php(412): CodeIgniter\CodeIgniter->runController(Object(App\Controllers\Games))
#6 /Applications/MAMP/htdocs/Projetos/CodeIgniter/Crud/10/system/CodeIgniter.php(320): CodeIgniter\CodeIgniter->handleRequest(NULL, Object(Config\Cache), false)
#7 /Applications/MAMP/htdocs/Projetos/CodeIgniter/Crud/10/public/index.php(37): CodeIgniter\CodeIgniter->run()
#8 {main}
CRITICAL - 2022-02-21 06:10:23 --> Trying to get property 'errno' of non-object
#0 /Applications/MAMP/htdocs/Projetos/CodeIgniter/Crud/10/system/Database/MySQLi/Connection.php(555): CodeIgniter\Debug\Exceptions->errorHandler(8, 'Trying to get p...', '/Applications/M...', 555, Array)
#1 /Applications/MAMP/htdocs/Projetos/CodeIgniter/Crud/10/system/Model.php(411): CodeIgniter\Database\MySQLi\Connection->error()
#2 /Applications/MAMP/htdocs/Projetos/CodeIgniter/Crud/10/system/BaseModel.php(1059): CodeIgniter\Model->doErrors()
#3 /Applications/MAMP/htdocs/Projetos/CodeIgniter/Crud/10/app/Controllers/Games.php(129): CodeIgniter\BaseModel->errors()
#4 /Applications/MAMP/htdocs/Projetos/CodeIgniter/Crud/10/system/CodeIgniter.php(825): App\Controllers\Games->addGame()
#5 /Applications/MAMP/htdocs/Projetos/CodeIgniter/Crud/10/system/CodeIgniter.php(412): CodeIgniter\CodeIgniter->runController(Object(App\Controllers\Games))
#6 /Applications/MAMP/htdocs/Projetos/CodeIgniter/Crud/10/system/CodeIgniter.php(320): CodeIgniter\CodeIgniter->handleRequest(NULL, Object(Config\Cache), false)
#7 /Applications/MAMP/htdocs/Projetos/CodeIgniter/Crud/10/public/index.php(37): CodeIgniter\CodeIgniter->run()
#8 {main}
CRITICAL - 2022-02-21 06:21:50 --> Undefined variable: erros
#0 /Applications/MAMP/htdocs/Projetos/CodeIgniter/Crud/10/app/Views/Pages/EditGame.php(37): CodeIgniter\Debug\Exceptions->errorHandler(8, 'Undefined varia...', '/Applications/M...', 37, Array)
#1 /Applications/MAMP/htdocs/Projetos/CodeIgniter/Crud/10/system/View/View.php(210): include('/Applications/M...')
#2 /Applications/MAMP/htdocs/Projetos/CodeIgniter/Crud/10/system/View/View.php(213): CodeIgniter\View\View->CodeIgniter\View\{closure}()
#3 /Applications/MAMP/htdocs/Projetos/CodeIgniter/Crud/10/system/Common.php(1089): CodeIgniter\View\View->render('Pages/EditGame', Array, true)
#4 /Applications/MAMP/htdocs/Projetos/CodeIgniter/Crud/10/app/Controllers/Games.php(178): view('Pages/EditGame', Array)
#5 /Applications/MAMP/htdocs/Projetos/CodeIgniter/Crud/10/system/CodeIgniter.php(825): App\Controllers\Games->showFormEditGame('207')
#6 /Applications/MAMP/htdocs/Projetos/CodeIgniter/Crud/10/system/CodeIgniter.php(412): CodeIgniter\CodeIgniter->runController(Object(App\Controllers\Games))
#7 /Applications/MAMP/htdocs/Projetos/CodeIgniter/Crud/10/system/CodeIgniter.php(320): CodeIgniter\CodeIgniter->handleRequest(NULL, Object(Config\Cache), false)
#8 /Applications/MAMP/htdocs/Projetos/CodeIgniter/Crud/10/public/index.php(37): CodeIgniter\CodeIgniter->run()
#9 {main}
CRITICAL - 2022-02-21 06:24:11 --> Undefined variable: gameEdit
#0 /Applications/MAMP/htdocs/Projetos/CodeIgniter/Crud/10/app/Views/Pages/EditGame.php(32): CodeIgniter\Debug\Exceptions->errorHandler(8, 'Undefined varia...', '/Applications/M...', 32, Array)
#1 /Applications/MAMP/htdocs/Projetos/CodeIgniter/Crud/10/system/View/View.php(210): include('/Applications/M...')
#2 /Applications/MAMP/htdocs/Projetos/CodeIgniter/Crud/10/system/View/View.php(213): CodeIgniter\View\View->CodeIgniter\View\{closure}()
#3 /Applications/MAMP/htdocs/Projetos/CodeIgniter/Crud/10/system/Common.php(1089): CodeIgniter\View\View->render('Pages/EditGame', Array, true)
#4 /Applications/MAMP/htdocs/Projetos/CodeIgniter/Crud/10/app/Controllers/Games.php(181): view('Pages/EditGame', Array)
#5 /Applications/MAMP/htdocs/Projetos/CodeIgniter/Crud/10/system/CodeIgniter.php(825): App\Controllers\Games->showFormEditGame('207')
#6 /Applications/MAMP/htdocs/Projetos/CodeIgniter/Crud/10/system/CodeIgniter.php(412): CodeIgniter\CodeIgniter->runController(Object(App\Controllers\Games))
#7 /Applications/MAMP/htdocs/Projetos/CodeIgniter/Crud/10/system/CodeIgniter.php(320): CodeIgniter\CodeIgniter->handleRequest(NULL, Object(Config\Cache), false)
#8 /Applications/MAMP/htdocs/Projetos/CodeIgniter/Crud/10/public/index.php(37): CodeIgniter\CodeIgniter->run()
#9 {main}
CRITICAL - 2022-02-21 06:25:59 --> Object of class App\Models\GamesModel could not be converted to string
#0 /Applications/MAMP/htdocs/Projetos/CodeIgniter/Crud/10/system/CodeIgniter.php(825): App\Controllers\Games->showFormEditGame('207')
#1 /Applications/MAMP/htdocs/Projetos/CodeIgniter/Crud/10/system/CodeIgniter.php(412): CodeIgniter\CodeIgniter->runController(Object(App\Controllers\Games))
#2 /Applications/MAMP/htdocs/Projetos/CodeIgniter/Crud/10/system/CodeIgniter.php(320): CodeIgniter\CodeIgniter->handleRequest(NULL, Object(Config\Cache), false)
#3 /Applications/MAMP/htdocs/Projetos/CodeIgniter/Crud/10/public/index.php(37): CodeIgniter\CodeIgniter->run()
#4 {main}
CRITICAL - 2022-02-21 06:26:21 --> Object of class App\Models\GamesModel could not be converted to string
#0 /Applications/MAMP/htdocs/Projetos/CodeIgniter/Crud/10/system/CodeIgniter.php(825): App\Controllers\Games->showFormEditGame('207')
#1 /Applications/MAMP/htdocs/Projetos/CodeIgniter/Crud/10/system/CodeIgniter.php(412): CodeIgniter\CodeIgniter->runController(Object(App\Controllers\Games))
#2 /Applications/MAMP/htdocs/Projetos/CodeIgniter/Crud/10/system/CodeIgniter.php(320): CodeIgniter\CodeIgniter->handleRequest(NULL, Object(Config\Cache), false)
#3 /Applications/MAMP/htdocs/Projetos/CodeIgniter/Crud/10/public/index.php(37): CodeIgniter\CodeIgniter->run()
#4 {main}
CRITICAL - 2022-02-21 06:27:05 --> Object of class App\Models\GamesModel could not be converted to string
#0 /Applications/MAMP/htdocs/Projetos/CodeIgniter/Crud/10/system/CodeIgniter.php(825): App\Controllers\Games->showFormEditGame('207')
#1 /Applications/MAMP/htdocs/Projetos/CodeIgniter/Crud/10/system/CodeIgniter.php(412): CodeIgniter\CodeIgniter->runController(Object(App\Controllers\Games))
#2 /Applications/MAMP/htdocs/Projetos/CodeIgniter/Crud/10/system/CodeIgniter.php(320): CodeIgniter\CodeIgniter->handleRequest(NULL, Object(Config\Cache), false)
#3 /Applications/MAMP/htdocs/Projetos/CodeIgniter/Crud/10/public/index.php(37): CodeIgniter\CodeIgniter->run()
#4 {main}
CRITICAL - 2022-02-21 06:27:09 --> Object of class App\Models\GamesModel could not be converted to string
#0 /Applications/MAMP/htdocs/Projetos/CodeIgniter/Crud/10/system/CodeIgniter.php(825): App\Controllers\Games->showFormEditGame('207')
#1 /Applications/MAMP/htdocs/Projetos/CodeIgniter/Crud/10/system/CodeIgniter.php(412): CodeIgniter\CodeIgniter->runController(Object(App\Controllers\Games))
#2 /Applications/MAMP/htdocs/Projetos/CodeIgniter/Crud/10/system/CodeIgniter.php(320): CodeIgniter\CodeIgniter->handleRequest(NULL, Object(Config\Cache), false)
#3 /Applications/MAMP/htdocs/Projetos/CodeIgniter/Crud/10/public/index.php(37): CodeIgniter\CodeIgniter->run()
#4 {main}
CRITICAL - 2022-02-21 06:31:41 --> syntax error, unexpected '===' (T_IS_IDENTICAL)
#0 /Applications/MAMP/htdocs/Projetos/CodeIgniter/Crud/10/system/Router/Router.php(175): CodeIgniter\Router\Router->autoRoute('Games')
#1 /Applications/MAMP/htdocs/Projetos/CodeIgniter/Crud/10/system/CodeIgniter.php(719): CodeIgniter\Router\Router->handle('Games')
#2 /Applications/MAMP/htdocs/Projetos/CodeIgniter/Crud/10/system/CodeIgniter.php(361): CodeIgniter\CodeIgniter->tryToRouteIt(Object(CodeIgniter\Router\RouteCollection))
#3 /Applications/MAMP/htdocs/Projetos/CodeIgniter/Crud/10/system/CodeIgniter.php(320): CodeIgniter\CodeIgniter->handleRequest(NULL, Object(Config\Cache), false)
#4 /Applications/MAMP/htdocs/Projetos/CodeIgniter/Crud/10/public/index.php(37): CodeIgniter\CodeIgniter->run()
#5 {main}
CRITICAL - 2022-02-21 06:39:21 --> syntax error, unexpected 'public' (T_PUBLIC)
#0 /Applications/MAMP/htdocs/Projetos/CodeIgniter/Crud/10/system/Router/Router.php(175): CodeIgniter\Router\Router->autoRoute('Games')
#1 /Applications/MAMP/htdocs/Projetos/CodeIgniter/Crud/10/system/CodeIgniter.php(719): CodeIgniter\Router\Router->handle('Games')
#2 /Applications/MAMP/htdocs/Projetos/CodeIgniter/Crud/10/system/CodeIgniter.php(361): CodeIgniter\CodeIgniter->tryToRouteIt(Object(CodeIgniter\Router\RouteCollection))
#3 /Applications/MAMP/htdocs/Projetos/CodeIgniter/Crud/10/system/CodeIgniter.php(320): CodeIgniter\CodeIgniter->handleRequest(NULL, Object(Config\Cache), false)
#4 /Applications/MAMP/htdocs/Projetos/CodeIgniter/Crud/10/public/index.php(37): CodeIgniter\CodeIgniter->run()
#5 {main}
CRITICAL - 2022-02-21 06:39:40 --> syntax error, unexpected 'public' (T_PUBLIC)
#0 /Applications/MAMP/htdocs/Projetos/CodeIgniter/Crud/10/system/Router/Router.php(175): CodeIgniter\Router\Router->autoRoute('Games/showFormE...')
#1 /Applications/MAMP/htdocs/Projetos/CodeIgniter/Crud/10/system/CodeIgniter.php(719): CodeIgniter\Router\Router->handle('Games/showFormE...')
#2 /Applications/MAMP/htdocs/Projetos/CodeIgniter/Crud/10/system/CodeIgniter.php(361): CodeIgniter\CodeIgniter->tryToRouteIt(Object(CodeIgniter\Router\RouteCollection))
#3 /Applications/MAMP/htdocs/Projetos/CodeIgniter/Crud/10/system/CodeIgniter.php(320): CodeIgniter\CodeIgniter->handleRequest(NULL, Object(Config\Cache), false)
#4 /Applications/MAMP/htdocs/Projetos/CodeIgniter/Crud/10/public/index.php(37): CodeIgniter\CodeIgniter->run()
#5 {main}
CRITICAL - 2022-02-21 06:39:49 --> syntax error, unexpected 'public' (T_PUBLIC)
#0 /Applications/MAMP/htdocs/Projetos/CodeIgniter/Crud/10/system/Router/Router.php(175): CodeIgniter\Router\Router->autoRoute('Games/showFormE...')
#1 /Applications/MAMP/htdocs/Projetos/CodeIgniter/Crud/10/system/CodeIgniter.php(719): CodeIgniter\Router\Router->handle('Games/showFormE...')
#2 /Applications/MAMP/htdocs/Projetos/CodeIgniter/Crud/10/system/CodeIgniter.php(361): CodeIgniter\CodeIgniter->tryToRouteIt(Object(CodeIgniter\Router\RouteCollection))
#3 /Applications/MAMP/htdocs/Projetos/CodeIgniter/Crud/10/system/CodeIgniter.php(320): CodeIgniter\CodeIgniter->handleRequest(NULL, Object(Config\Cache), false)
#4 /Applications/MAMP/htdocs/Projetos/CodeIgniter/Crud/10/public/index.php(37): CodeIgniter\CodeIgniter->run()
#5 {main}
CRITICAL - 2022-02-21 06:39:52 --> syntax error, unexpected 'public' (T_PUBLIC)
#0 /Applications/MAMP/htdocs/Projetos/CodeIgniter/Crud/10/system/Router/Router.php(175): CodeIgniter\Router\Router->autoRoute('Games')
#1 /Applications/MAMP/htdocs/Projetos/CodeIgniter/Crud/10/system/CodeIgniter.php(719): CodeIgniter\Router\Router->handle('Games')
#2 /Applications/MAMP/htdocs/Projetos/CodeIgniter/Crud/10/system/CodeIgniter.php(361): CodeIgniter\CodeIgniter->tryToRouteIt(Object(CodeIgniter\Router\RouteCollection))
#3 /Applications/MAMP/htdocs/Projetos/CodeIgniter/Crud/10/system/CodeIgniter.php(320): CodeIgniter\CodeIgniter->handleRequest(NULL, Object(Config\Cache), false)
#4 /Applications/MAMP/htdocs/Projetos/CodeIgniter/Crud/10/public/index.php(37): CodeIgniter\CodeIgniter->run()
#5 {main}
CRITICAL - 2022-02-21 06:56:24 --> Invalid file: updateUser.php
#0 /Applications/MAMP/htdocs/Projetos/CodeIgniter/Crud/10/system/View/View.php(198): CodeIgniter\Exceptions\FrameworkException::forInvalidFile('updateUser.php')
#1 /Applications/MAMP/htdocs/Projetos/CodeIgniter/Crud/10/system/Common.php(1089): CodeIgniter\View\View->render('updateUser', Array, true)
#2 /Applications/MAMP/htdocs/Projetos/CodeIgniter/Crud/10/app/Controllers/Games.php(195): view('updateUser', Array)
#3 /Applications/MAMP/htdocs/Projetos/CodeIgniter/Crud/10/system/CodeIgniter.php(825): App\Controllers\Games->editGame('211')
#4 /Applications/MAMP/htdocs/Projetos/CodeIgniter/Crud/10/system/CodeIgniter.php(412): CodeIgniter\CodeIgniter->runController(Object(App\Controllers\Games))
#5 /Applications/MAMP/htdocs/Projetos/CodeIgniter/Crud/10/system/CodeIgniter.php(320): CodeIgniter\CodeIgniter->handleRequest(NULL, Object(Config\Cache), false)
#6 /Applications/MAMP/htdocs/Projetos/CodeIgniter/Crud/10/public/index.php(37): CodeIgniter\CodeIgniter->run()
#7 {main}
CRITICAL - 2022-02-21 06:57:12 --> Call to undefined function form_open()
#0 /Applications/MAMP/htdocs/Projetos/CodeIgniter/Crud/10/system/View/View.php(210): include()
#1 /Applications/MAMP/htdocs/Projetos/CodeIgniter/Crud/10/system/View/View.php(213): CodeIgniter\View\View->CodeIgniter\View\{closure}()
#2 /Applications/MAMP/htdocs/Projetos/CodeIgniter/Crud/10/system/Common.php(1089): CodeIgniter\View\View->render('Pages/EditGame', Array, true)
#3 /Applications/MAMP/htdocs/Projetos/CodeIgniter/Crud/10/app/Controllers/Games.php(195): view('Pages/EditGame', Array)
#4 /Applications/MAMP/htdocs/Projetos/CodeIgniter/Crud/10/system/CodeIgniter.php(825): App\Controllers\Games->editGame('211')
#5 /Applications/MAMP/htdocs/Projetos/CodeIgniter/Crud/10/system/CodeIgniter.php(412): CodeIgniter\CodeIgniter->runController(Object(App\Controllers\Games))
#6 /Applications/MAMP/htdocs/Projetos/CodeIgniter/Crud/10/system/CodeIgniter.php(320): CodeIgniter\CodeIgniter->handleRequest(NULL, Object(Config\Cache), false)
#7 /Applications/MAMP/htdocs/Projetos/CodeIgniter/Crud/10/public/index.php(37): CodeIgniter\CodeIgniter->run()
#8 {main}
CRITICAL - 2022-02-21 06:57:36 --> Undefined variable: gameEdit
#0 /Applications/MAMP/htdocs/Projetos/CodeIgniter/Crud/10/app/Views/Pages/EditGame.php(32): CodeIgniter\Debug\Exceptions->errorHandler(8, 'Undefined varia...', '/Applications/M...', 32, Array)
#1 /Applications/MAMP/htdocs/Projetos/CodeIgniter/Crud/10/system/View/View.php(210): include('/Applications/M...')
#2 /Applications/MAMP/htdocs/Projetos/CodeIgniter/Crud/10/system/View/View.php(213): CodeIgniter\View\View->CodeIgniter\View\{closure}()
#3 /Applications/MAMP/htdocs/Projetos/CodeIgniter/Crud/10/system/Common.php(1089): CodeIgniter\View\View->render('Pages/EditGame', Array, true)
#4 /Applications/MAMP/htdocs/Projetos/CodeIgniter/Crud/10/app/Controllers/Games.php(195): view('Pages/EditGame', Array)
#5 /Applications/MAMP/htdocs/Projetos/CodeIgniter/Crud/10/system/CodeIgniter.php(825): App\Controllers\Games->editGame('211')
#6 /Applications/MAMP/htdocs/Projetos/CodeIgniter/Crud/10/system/CodeIgniter.php(412): CodeIgniter\CodeIgniter->runController(Object(App\Controllers\Games))
#7 /Applications/MAMP/htdocs/Projetos/CodeIgniter/Crud/10/system/CodeIgniter.php(320): CodeIgniter\CodeIgniter->handleRequest(NULL, Object(Config\Cache), false)
#8 /Applications/MAMP/htdocs/Projetos/CodeIgniter/Crud/10/public/index.php(37): CodeIgniter\CodeIgniter->run()
#9 {main}
CRITICAL - 2022-02-21 06:58:29 --> Undefined variable: gameEdit
#0 /Applications/MAMP/htdocs/Projetos/CodeIgniter/Crud/10/app/Views/Pages/EditGame.php(32): CodeIgniter\Debug\Exceptions->errorHandler(8, 'Undefined varia...', '/Applications/M...', 32, Array)
#1 /Applications/MAMP/htdocs/Projetos/CodeIgniter/Crud/10/system/View/View.php(210): include('/Applications/M...')
#2 /Applications/MAMP/htdocs/Projetos/CodeIgniter/Crud/10/system/View/View.php(213): CodeIgniter\View\View->CodeIgniter\View\{closure}()
#3 /Applications/MAMP/htdocs/Projetos/CodeIgniter/Crud/10/system/Common.php(1089): CodeIgniter\View\View->render('Pages/EditGame', Array, true)
#4 /Applications/MAMP/htdocs/Projetos/CodeIgniter/Crud/10/app/Controllers/Games.php(196): view('Pages/EditGame', Array)
#5 /Applications/MAMP/htdocs/Projetos/CodeIgniter/Crud/10/system/CodeIgniter.php(825): App\Controllers\Games->editGame('211')
#6 /Applications/MAMP/htdocs/Projetos/CodeIgniter/Crud/10/system/CodeIgniter.php(412): CodeIgniter\CodeIgniter->runController(Object(App\Controllers\Games))
#7 /Applications/MAMP/htdocs/Projetos/CodeIgniter/Crud/10/system/CodeIgniter.php(320): CodeIgniter\CodeIgniter->handleRequest(NULL, Object(Config\Cache), false)
#8 /Applications/MAMP/htdocs/Projetos/CodeIgniter/Crud/10/public/index.php(37): CodeIgniter\CodeIgniter->run()
#9 {main}
CRITICAL - 2022-02-21 06:58:45 --> Undefined variable: gameEdit
#0 /Applications/MAMP/htdocs/Projetos/CodeIgniter/Crud/10/app/Views/Pages/EditGame.php(32): CodeIgniter\Debug\Exceptions->errorHandler(8, 'Undefined varia...', '/Applications/M...', 32, Array)
#1 /Applications/MAMP/htdocs/Projetos/CodeIgniter/Crud/10/system/View/View.php(210): include('/Applications/M...')
#2 /Applications/MAMP/htdocs/Projetos/CodeIgniter/Crud/10/system/View/View.php(213): CodeIgniter\View\View->CodeIgniter\View\{closure}()
#3 /Applications/MAMP/htdocs/Projetos/CodeIgniter/Crud/10/system/Common.php(1089): CodeIgniter\View\View->render('Pages/EditGame', Array, true)
#4 /Applications/MAMP/htdocs/Projetos/CodeIgniter/Crud/10/app/Controllers/Games.php(196): view('Pages/EditGame', Array)
#5 /Applications/MAMP/htdocs/Projetos/CodeIgniter/Crud/10/system/CodeIgniter.php(825): App\Controllers\Games->editGame('211')
#6 /Applications/MAMP/htdocs/Projetos/CodeIgniter/Crud/10/system/CodeIgniter.php(412): CodeIgniter\CodeIgniter->runController(Object(App\Controllers\Games))
#7 /Applications/MAMP/htdocs/Projetos/CodeIgniter/Crud/10/system/CodeIgniter.php(320): CodeIgniter\CodeIgniter->handleRequest(NULL, Object(Config\Cache), false)
#8 /Applications/MAMP/htdocs/Projetos/CodeIgniter/Crud/10/public/index.php(37): CodeIgniter\CodeIgniter->run()
#9 {main}
CRITICAL - 2022-02-21 06:58:53 --> Undefined variable: gameEdit
#0 /Applications/MAMP/htdocs/Projetos/CodeIgniter/Crud/10/app/Views/Pages/EditGame.php(32): CodeIgniter\Debug\Exceptions->errorHandler(8, 'Undefined varia...', '/Applications/M...', 32, Array)
#1 /Applications/MAMP/htdocs/Projetos/CodeIgniter/Crud/10/system/View/View.php(210): include('/Applications/M...')
#2 /Applications/MAMP/htdocs/Projetos/CodeIgniter/Crud/10/system/View/View.php(213): CodeIgniter\View\View->CodeIgniter\View\{closure}()
#3 /Applications/MAMP/htdocs/Projetos/CodeIgniter/Crud/10/system/Common.php(1089): CodeIgniter\View\View->render('Pages/EditGame', Array, true)
#4 /Applications/MAMP/htdocs/Projetos/CodeIgniter/Crud/10/app/Controllers/Games.php(196): view('Pages/EditGame', Array)
#5 /Applications/MAMP/htdocs/Projetos/CodeIgniter/Crud/10/system/CodeIgniter.php(825): App\Controllers\Games->editGame('211')
#6 /Applications/MAMP/htdocs/Projetos/CodeIgniter/Crud/10/system/CodeIgniter.php(412): CodeIgniter\CodeIgniter->runController(Object(App\Controllers\Games))
#7 /Applications/MAMP/htdocs/Projetos/CodeIgniter/Crud/10/system/CodeIgniter.php(320): CodeIgniter\CodeIgniter->handleRequest(NULL, Object(Config\Cache), false)
#8 /Applications/MAMP/htdocs/Projetos/CodeIgniter/Crud/10/public/index.php(37): CodeIgniter\CodeIgniter->run()
#9 {main}
CRITICAL - 2022-02-21 07:00:04 --> Undefined variable: gameEdit
#0 /Applications/MAMP/htdocs/Projetos/CodeIgniter/Crud/10/app/Views/Pages/EditGame.php(32): CodeIgniter\Debug\Exceptions->errorHandler(8, 'Undefined varia...', '/Applications/M...', 32, Array)
#1 /Applications/MAMP/htdocs/Projetos/CodeIgniter/Crud/10/system/View/View.php(210): include('/Applications/M...')
#2 /Applications/MAMP/htdocs/Projetos/CodeIgniter/Crud/10/system/View/View.php(213): CodeIgniter\View\View->CodeIgniter\View\{closure}()
#3 /Applications/MAMP/htdocs/Projetos/CodeIgniter/Crud/10/system/Common.php(1089): CodeIgniter\View\View->render('Pages/EditGame', Array, true)
#4 /Applications/MAMP/htdocs/Projetos/CodeIgniter/Crud/10/app/Controllers/Games.php(198): view('Pages/EditGame', Array, Array)
#5 /Applications/MAMP/htdocs/Projetos/CodeIgniter/Crud/10/system/CodeIgniter.php(825): App\Controllers\Games->editGame('211')
#6 /Applications/MAMP/htdocs/Projetos/CodeIgniter/Crud/10/system/CodeIgniter.php(412): CodeIgniter\CodeIgniter->runController(Object(App\Controllers\Games))
#7 /Applications/MAMP/htdocs/Projetos/CodeIgniter/Crud/10/system/CodeIgniter.php(320): CodeIgniter\CodeIgniter->handleRequest(NULL, Object(Config\Cache), false)
#8 /Applications/MAMP/htdocs/Projetos/CodeIgniter/Crud/10/public/index.php(37): CodeIgniter\CodeIgniter->run()
#9 {main}
CRITICAL - 2022-02-21 07:04:35 --> Array to string conversion
#0 /Applications/MAMP/htdocs/Projetos/CodeIgniter/Crud/10/app/Controllers/Games.php(198): CodeIgniter\Debug\Exceptions->errorHandler(8, 'Array to string...', '/Applications/M...', 198, Array)
#1 /Applications/MAMP/htdocs/Projetos/CodeIgniter/Crud/10/system/CodeIgniter.php(825): App\Controllers\Games->editGame('211')
#2 /Applications/MAMP/htdocs/Projetos/CodeIgniter/Crud/10/system/CodeIgniter.php(412): CodeIgniter\CodeIgniter->runController(Object(App\Controllers\Games))
#3 /Applications/MAMP/htdocs/Projetos/CodeIgniter/Crud/10/system/CodeIgniter.php(320): CodeIgniter\CodeIgniter->handleRequest(NULL, Object(Config\Cache), false)
#4 /Applications/MAMP/htdocs/Projetos/CodeIgniter/Crud/10/public/index.php(37): CodeIgniter\CodeIgniter->run()
#5 {main}
CRITICAL - 2022-02-21 07:04:40 --> Array to string conversion
#0 /Applications/MAMP/htdocs/Projetos/CodeIgniter/Crud/10/app/Controllers/Games.php(198): CodeIgniter\Debug\Exceptions->errorHandler(8, 'Array to string...', '/Applications/M...', 198, Array)
#1 /Applications/MAMP/htdocs/Projetos/CodeIgniter/Crud/10/system/CodeIgniter.php(825): App\Controllers\Games->editGame('211')
#2 /Applications/MAMP/htdocs/Projetos/CodeIgniter/Crud/10/system/CodeIgniter.php(412): CodeIgniter\CodeIgniter->runController(Object(App\Controllers\Games))
#3 /Applications/MAMP/htdocs/Projetos/CodeIgniter/Crud/10/system/CodeIgniter.php(320): CodeIgniter\CodeIgniter->handleRequest(NULL, Object(Config\Cache), false)
#4 /Applications/MAMP/htdocs/Projetos/CodeIgniter/Crud/10/public/index.php(37): CodeIgniter\CodeIgniter->run()
#5 {main}
CRITICAL - 2022-02-21 07:05:35 --> Array to string conversion
#0 /Applications/MAMP/htdocs/Projetos/CodeIgniter/Crud/10/app/Controllers/Games.php(198): CodeIgniter\Debug\Exceptions->errorHandler(8, 'Array to string...', '/Applications/M...', 198, Array)
#1 /Applications/MAMP/htdocs/Projetos/CodeIgniter/Crud/10/system/CodeIgniter.php(825): App\Controllers\Games->editGame('211')
#2 /Applications/MAMP/htdocs/Projetos/CodeIgniter/Crud/10/system/CodeIgniter.php(412): CodeIgniter\CodeIgniter->runController(Object(App\Controllers\Games))
#3 /Applications/MAMP/htdocs/Projetos/CodeIgniter/Crud/10/system/CodeIgniter.php(320): CodeIgniter\CodeIgniter->handleRequest(NULL, Object(Config\Cache), false)
#4 /Applications/MAMP/htdocs/Projetos/CodeIgniter/Crud/10/public/index.php(37): CodeIgniter\CodeIgniter->run()
#5 {main}
CRITICAL - 2022-02-21 07:05:52 --> Array to string conversion
#0 /Applications/MAMP/htdocs/Projetos/CodeIgniter/Crud/10/app/Controllers/Games.php(198): CodeIgniter\Debug\Exceptions->errorHandler(8, 'Array to string...', '/Applications/M...', 198, Array)
#1 /Applications/MAMP/htdocs/Projetos/CodeIgniter/Crud/10/system/CodeIgniter.php(825): App\Controllers\Games->editGame('211')
#2 /Applications/MAMP/htdocs/Projetos/CodeIgniter/Crud/10/system/CodeIgniter.php(412): CodeIgniter\CodeIgniter->runController(Object(App\Controllers\Games))
#3 /Applications/MAMP/htdocs/Projetos/CodeIgniter/Crud/10/system/CodeIgniter.php(320): CodeIgniter\CodeIgniter->handleRequest(NULL, Object(Config\Cache), false)
#4 /Applications/MAMP/htdocs/Projetos/CodeIgniter/Crud/10/public/index.php(37): CodeIgniter\CodeIgniter->run()
#5 {main}
CRITICAL - 2022-02-21 07:06:24 --> Call to undefined function form_open()
#0 /Applications/MAMP/htdocs/Projetos/CodeIgniter/Crud/10/system/View/View.php(210): include()
#1 /Applications/MAMP/htdocs/Projetos/CodeIgniter/Crud/10/system/View/View.php(213): CodeIgniter\View\View->CodeIgniter\View\{closure}()
#2 /Applications/MAMP/htdocs/Projetos/CodeIgniter/Crud/10/system/Common.php(1089): CodeIgniter\View\View->render('Pages/EditGame', Array, true)
#3 /Applications/MAMP/htdocs/Projetos/CodeIgniter/Crud/10/app/Controllers/Games.php(198): view('Pages/EditGame', Array)
#4 /Applications/MAMP/htdocs/Projetos/CodeIgniter/Crud/10/system/CodeIgniter.php(825): App\Controllers\Games->editGame('211')
#5 /Applications/MAMP/htdocs/Projetos/CodeIgniter/Crud/10/system/CodeIgniter.php(412): CodeIgniter\CodeIgniter->runController(Object(App\Controllers\Games))
#6 /Applications/MAMP/htdocs/Projetos/CodeIgniter/Crud/10/system/CodeIgniter.php(320): CodeIgniter\CodeIgniter->handleRequest(NULL, Object(Config\Cache), false)
#7 /Applications/MAMP/htdocs/Projetos/CodeIgniter/Crud/10/public/index.php(37): CodeIgniter\CodeIgniter->run()
#8 {main}
CRITICAL - 2022-02-21 07:10:24 --> required] is not a valid rule.
#0 /Applications/MAMP/htdocs/Projetos/CodeIgniter/Crud/10/system/Validation/Validation.php(300): CodeIgniter\Validation\Exceptions\ValidationException::forRuleNotFound('required]')
#1 /Applications/MAMP/htdocs/Projetos/CodeIgniter/Crud/10/system/Validation/Validation.php(157): CodeIgniter\Validation\Validation->processRules('developer', 'developer', NULL, Array, Array)
#2 /Applications/MAMP/htdocs/Projetos/CodeIgniter/Crud/10/system/BaseModel.php(1347): CodeIgniter\Validation\Validation->run(Array, NULL, NULL)
#3 /Applications/MAMP/htdocs/Projetos/CodeIgniter/Crud/10/system/BaseModel.php(707): CodeIgniter\BaseModel->validate(Array)
#4 /Applications/MAMP/htdocs/Projetos/CodeIgniter/Crud/10/system/Model.php(625): CodeIgniter\BaseModel->insert(Array, false)
#5 /Applications/MAMP/htdocs/Projetos/CodeIgniter/Crud/10/system/BaseModel.php(658): CodeIgniter\Model->insert(Array, false)
#6 /Applications/MAMP/htdocs/Projetos/CodeIgniter/Crud/10/app/Controllers/Games.php(181): CodeIgniter\BaseModel->save(Array)
#7 /Applications/MAMP/htdocs/Projetos/CodeIgniter/Crud/10/system/CodeIgniter.php(825): App\Controllers\Games->showFormEditGame('211')
#8 /Applications/MAMP/htdocs/Projetos/CodeIgniter/Crud/10/system/CodeIgniter.php(412): CodeIgniter\CodeIgniter->runController(Object(App\Controllers\Games))
#9 /Applications/MAMP/htdocs/Projetos/CodeIgniter/Crud/10/system/CodeIgniter.php(320): CodeIgniter\CodeIgniter->handleRequest(NULL, Object(Config\Cache), false)
#10 /Applications/MAMP/htdocs/Projetos/CodeIgniter/Crud/10/public/index.php(37): CodeIgniter\CodeIgniter->run()
#11 {main}
CRITICAL - 2022-02-21 07:19:39 --> Undefined variable: errors
#0 /Applications/MAMP/htdocs/Projetos/CodeIgniter/Crud/10/app/Views/Pages/EditGame.php(36): CodeIgniter\Debug\Exceptions->errorHandler(8, 'Undefined varia...', '/Applications/M...', 36, Array)
#1 /Applications/MAMP/htdocs/Projetos/CodeIgniter/Crud/10/system/View/View.php(210): include('/Applications/M...')
#2 /Applications/MAMP/htdocs/Projetos/CodeIgniter/Crud/10/system/View/View.php(213): CodeIgniter\View\View->CodeIgniter\View\{closure}()
#3 /Applications/MAMP/htdocs/Projetos/CodeIgniter/Crud/10/system/Common.php(1089): CodeIgniter\View\View->render('Pages/EditGame', Array, true)
#4 /Applications/MAMP/htdocs/Projetos/CodeIgniter/Crud/10/app/Controllers/Games.php(182): view('Pages/EditGame', Array)
#5 /Applications/MAMP/htdocs/Projetos/CodeIgniter/Crud/10/system/CodeIgniter.php(825): App\Controllers\Games->showFormEditGame('212')
#6 /Applications/MAMP/htdocs/Projetos/CodeIgniter/Crud/10/system/CodeIgniter.php(412): CodeIgniter\CodeIgniter->runController(Object(App\Controllers\Games))
#7 /Applications/MAMP/htdocs/Projetos/CodeIgniter/Crud/10/system/CodeIgniter.php(320): CodeIgniter\CodeIgniter->handleRequest(NULL, Object(Config\Cache), false)
#8 /Applications/MAMP/htdocs/Projetos/CodeIgniter/Crud/10/public/index.php(37): CodeIgniter\CodeIgniter->run()
#9 {main}
CRITICAL - 2022-02-21 07:20:24 --> Trying to access array offset on value of type null
#0 /Applications/MAMP/htdocs/Projetos/CodeIgniter/Crud/10/app/Views/Pages/EditGame.php(32): CodeIgniter\Debug\Exceptions->errorHandler(8, 'Trying to acces...', '/Applications/M...', 32, Array)
#1 /Applications/MAMP/htdocs/Projetos/CodeIgniter/Crud/10/system/View/View.php(210): include('/Applications/M...')
#2 /Applications/MAMP/htdocs/Projetos/CodeIgniter/Crud/10/system/View/View.php(213): CodeIgniter\View\View->CodeIgniter\View\{closure}()
#3 /Applications/MAMP/htdocs/Projetos/CodeIgniter/Crud/10/system/Common.php(1089): CodeIgniter\View\View->render('Pages/EditGame', Array, true)
#4 /Applications/MAMP/htdocs/Projetos/CodeIgniter/Crud/10/app/Controllers/Games.php(182): view('Pages/EditGame', Array)
#5 /Applications/MAMP/htdocs/Projetos/CodeIgniter/Crud/10/system/CodeIgniter.php(825): App\Controllers\Games->showFormEditGame('211')
#6 /Applications/MAMP/htdocs/Projetos/CodeIgniter/Crud/10/system/CodeIgniter.php(412): CodeIgniter\CodeIgniter->runController(Object(App\Controllers\Games))
#7 /Applications/MAMP/htdocs/Projetos/CodeIgniter/Crud/10/system/CodeIgniter.php(320): CodeIgniter\CodeIgniter->handleRequest(NULL, Object(Config\Cache), false)
#8 /Applications/MAMP/htdocs/Projetos/CodeIgniter/Crud/10/public/index.php(37): CodeIgniter\CodeIgniter->run()
#9 {main}
CRITICAL - 2022-02-21 07:20:59 --> Trying to access array offset on value of type null
#0 /Applications/MAMP/htdocs/Projetos/CodeIgniter/Crud/10/app/Views/Pages/EditGame.php(32): CodeIgniter\Debug\Exceptions->errorHandler(8, 'Trying to acces...', '/Applications/M...', 32, Array)
#1 /Applications/MAMP/htdocs/Projetos/CodeIgniter/Crud/10/system/View/View.php(210): include('/Applications/M...')
#2 /Applications/MAMP/htdocs/Projetos/CodeIgniter/Crud/10/system/View/View.php(213): CodeIgniter\View\View->CodeIgniter\View\{closure}()
#3 /Applications/MAMP/htdocs/Projetos/CodeIgniter/Crud/10/system/Common.php(1089): CodeIgniter\View\View->render('Pages/EditGame', Array, true)
#4 /Applications/MAMP/htdocs/Projetos/CodeIgniter/Crud/10/app/Controllers/Games.php(182): view('Pages/EditGame', Array)
#5 /Applications/MAMP/htdocs/Projetos/CodeIgniter/Crud/10/system/CodeIgniter.php(825): App\Controllers\Games->showFormEditGame('211')
#6 /Applications/MAMP/htdocs/Projetos/CodeIgniter/Crud/10/system/CodeIgniter.php(412): CodeIgniter\CodeIgniter->runController(Object(App\Controllers\Games))
#7 /Applications/MAMP/htdocs/Projetos/CodeIgniter/Crud/10/system/CodeIgniter.php(320): CodeIgniter\CodeIgniter->handleRequest(NULL, Object(Config\Cache), false)
#8 /Applications/MAMP/htdocs/Projetos/CodeIgniter/Crud/10/public/index.php(37): CodeIgniter\CodeIgniter->run()
#9 {main}
CRITICAL - 2022-02-21 07:36:41 --> Call to undefined function form_open()
#0 /Applications/MAMP/htdocs/Projetos/CodeIgniter/Crud/10/system/View/View.php(210): include()
#1 /Applications/MAMP/htdocs/Projetos/CodeIgniter/Crud/10/system/View/View.php(213): CodeIgniter\View\View->CodeIgniter\View\{closure}()
#2 /Applications/MAMP/htdocs/Projetos/CodeIgniter/Crud/10/system/Common.php(1089): CodeIgniter\View\View->render('Pages/AddGame', Array, true)
#3 /Applications/MAMP/htdocs/Projetos/CodeIgniter/Crud/10/app/Controllers/Games.php(140): view('Pages/AddGame', Array)
#4 /Applications/MAMP/htdocs/Projetos/CodeIgniter/Crud/10/system/CodeIgniter.php(825): App\Controllers\Games->addGame()
#5 /Applications/MAMP/htdocs/Projetos/CodeIgniter/Crud/10/system/CodeIgniter.php(412): CodeIgniter\CodeIgniter->runController(Object(App\Controllers\Games))
#6 /Applications/MAMP/htdocs/Projetos/CodeIgniter/Crud/10/system/CodeIgniter.php(320): CodeIgniter\CodeIgniter->handleRequest(NULL, Object(Config\Cache), false)
#7 /Applications/MAMP/htdocs/Projetos/CodeIgniter/Crud/10/public/index.php(37): CodeIgniter\CodeIgniter->run()
#8 {main}
CRITICAL - 2022-02-21 07:38:40 --> Undefined variable: inputNameAddGame
#0 /Applications/MAMP/htdocs/Projetos/CodeIgniter/Crud/10/app/Views/Pages/AddGame.php(44): CodeIgniter\Debug\Exceptions->errorHandler(8, 'Undefined varia...', '/Applications/M...', 44, Array)
#1 /Applications/MAMP/htdocs/Projetos/CodeIgniter/Crud/10/system/View/View.php(210): include('/Applications/M...')
#2 /Applications/MAMP/htdocs/Projetos/CodeIgniter/Crud/10/system/View/View.php(213): CodeIgniter\View\View->CodeIgniter\View\{closure}()
#3 /Applications/MAMP/htdocs/Projetos/CodeIgniter/Crud/10/system/Common.php(1089): CodeIgniter\View\View->render('Pages/AddGame', Array, true)
#4 /Applications/MAMP/htdocs/Projetos/CodeIgniter/Crud/10/app/Controllers/Games.php(87): view('Pages/AddGame', Array)
#5 /Applications/MAMP/htdocs/Projetos/CodeIgniter/Crud/10/system/CodeIgniter.php(825): App\Controllers\Games->showFormAddGame()
#6 /Applications/MAMP/htdocs/Projetos/CodeIgniter/Crud/10/system/CodeIgniter.php(412): CodeIgniter\CodeIgniter->runController(Object(App\Controllers\Games))
#7 /Applications/MAMP/htdocs/Projetos/CodeIgniter/Crud/10/system/CodeIgniter.php(320): CodeIgniter\CodeIgniter->handleRequest(NULL, Object(Config\Cache), false)
#8 /Applications/MAMP/htdocs/Projetos/CodeIgniter/Crud/10/public/index.php(37): CodeIgniter\CodeIgniter->run()
#9 {main}
CRITICAL - 2022-02-21 07:38:43 --> Undefined variable: inputNameAddGame
#0 /Applications/MAMP/htdocs/Projetos/CodeIgniter/Crud/10/app/Views/Pages/AddGame.php(44): CodeIgniter\Debug\Exceptions->errorHandler(8, 'Undefined varia...', '/Applications/M...', 44, Array)
#1 /Applications/MAMP/htdocs/Projetos/CodeIgniter/Crud/10/system/View/View.php(210): include('/Applications/M...')
#2 /Applications/MAMP/htdocs/Projetos/CodeIgniter/Crud/10/system/View/View.php(213): CodeIgniter\View\View->CodeIgniter\View\{closure}()
#3 /Applications/MAMP/htdocs/Projetos/CodeIgniter/Crud/10/system/Common.php(1089): CodeIgniter\View\View->render('Pages/AddGame', Array, true)
#4 /Applications/MAMP/htdocs/Projetos/CodeIgniter/Crud/10/app/Controllers/Games.php(87): view('Pages/AddGame', Array)
#5 /Applications/MAMP/htdocs/Projetos/CodeIgniter/Crud/10/system/CodeIgniter.php(825): App\Controllers\Games->showFormAddGame()
#6 /Applications/MAMP/htdocs/Projetos/CodeIgniter/Crud/10/system/CodeIgniter.php(412): CodeIgniter\CodeIgniter->runController(Object(App\Controllers\Games))
#7 /Applications/MAMP/htdocs/Projetos/CodeIgniter/Crud/10/system/CodeIgniter.php(320): CodeIgniter\CodeIgniter->handleRequest(NULL, Object(Config\Cache), false)
#8 /Applications/MAMP/htdocs/Projetos/CodeIgniter/Crud/10/public/index.php(37): CodeIgniter\CodeIgniter->run()
#9 {main}
CRITICAL - 2022-02-21 07:39:07 --> Undefined variable: inputNameAddGame
#0 /Applications/MAMP/htdocs/Projetos/CodeIgniter/Crud/10/app/Views/Pages/AddGame.php(44): CodeIgniter\Debug\Exceptions->errorHandler(8, 'Undefined varia...', '/Applications/M...', 44, Array)
#1 /Applications/MAMP/htdocs/Projetos/CodeIgniter/Crud/10/system/View/View.php(210): include('/Applications/M...')
#2 /Applications/MAMP/htdocs/Projetos/CodeIgniter/Crud/10/system/View/View.php(213): CodeIgniter\View\View->CodeIgniter\View\{closure}()
#3 /Applications/MAMP/htdocs/Projetos/CodeIgniter/Crud/10/system/Common.php(1089): CodeIgniter\View\View->render('Pages/AddGame', Array, true)
#4 /Applications/MAMP/htdocs/Projetos/CodeIgniter/Crud/10/app/Controllers/Games.php(87): view('Pages/AddGame', Array, Array)
#5 /Applications/MAMP/htdocs/Projetos/CodeIgniter/Crud/10/system/CodeIgniter.php(825): App\Controllers\Games->showFormAddGame()
#6 /Applications/MAMP/htdocs/Projetos/CodeIgniter/Crud/10/system/CodeIgniter.php(412): CodeIgniter\CodeIgniter->runController(Object(App\Controllers\Games))
#7 /Applications/MAMP/htdocs/Projetos/CodeIgniter/Crud/10/system/CodeIgniter.php(320): CodeIgniter\CodeIgniter->handleRequest(NULL, Object(Config\Cache), false)
#8 /Applications/MAMP/htdocs/Projetos/CodeIgniter/Crud/10/public/index.php(37): CodeIgniter\CodeIgniter->run()
#9 {main}
CRITICAL - 2022-02-21 07:41:16 --> Trying to get property 'errno' of non-object
#0 /Applications/MAMP/htdocs/Projetos/CodeIgniter/Crud/10/system/Database/MySQLi/Connection.php(555): CodeIgniter\Debug\Exceptions->errorHandler(8, 'Trying to get p...', '/Applications/M...', 555, Array)
#1 /Applications/MAMP/htdocs/Projetos/CodeIgniter/Crud/10/system/Model.php(411): CodeIgniter\Database\MySQLi\Connection->error()
#2 /Applications/MAMP/htdocs/Projetos/CodeIgniter/Crud/10/system/BaseModel.php(1059): CodeIgniter\Model->doErrors()
#3 /Applications/MAMP/htdocs/Projetos/CodeIgniter/Crud/10/app/Controllers/Games.php(79): CodeIgniter\BaseModel->errors()
#4 /Applications/MAMP/htdocs/Projetos/CodeIgniter/Crud/10/system/CodeIgniter.php(825): App\Controllers\Games->showFormAddGame()
#5 /Applications/MAMP/htdocs/Projetos/CodeIgniter/Crud/10/system/CodeIgniter.php(412): CodeIgniter\CodeIgniter->runController(Object(App\Controllers\Games))
#6 /Applications/MAMP/htdocs/Projetos/CodeIgniter/Crud/10/system/CodeIgniter.php(320): CodeIgniter\CodeIgniter->handleRequest(NULL, Object(Config\Cache), false)
#7 /Applications/MAMP/htdocs/Projetos/CodeIgniter/Crud/10/public/index.php(37): CodeIgniter\CodeIgniter->run()
#8 {main}
CRITICAL - 2022-02-21 07:41:27 --> Trying to get property 'errno' of non-object
#0 /Applications/MAMP/htdocs/Projetos/CodeIgniter/Crud/10/system/Database/MySQLi/Connection.php(555): CodeIgniter\Debug\Exceptions->errorHandler(8, 'Trying to get p...', '/Applications/M...', 555, Array)
#1 /Applications/MAMP/htdocs/Projetos/CodeIgniter/Crud/10/system/Model.php(411): CodeIgniter\Database\MySQLi\Connection->error()
#2 /Applications/MAMP/htdocs/Projetos/CodeIgniter/Crud/10/system/BaseModel.php(1059): CodeIgniter\Model->doErrors()
#3 /Applications/MAMP/htdocs/Projetos/CodeIgniter/Crud/10/app/Controllers/Games.php(79): CodeIgniter\BaseModel->errors()
#4 /Applications/MAMP/htdocs/Projetos/CodeIgniter/Crud/10/system/CodeIgniter.php(825): App\Controllers\Games->showFormAddGame()
#5 /Applications/MAMP/htdocs/Projetos/CodeIgniter/Crud/10/system/CodeIgniter.php(412): CodeIgniter\CodeIgniter->runController(Object(App\Controllers\Games))
#6 /Applications/MAMP/htdocs/Projetos/CodeIgniter/Crud/10/system/CodeIgniter.php(320): CodeIgniter\CodeIgniter->handleRequest(NULL, Object(Config\Cache), false)
#7 /Applications/MAMP/htdocs/Projetos/CodeIgniter/Crud/10/public/index.php(37): CodeIgniter\CodeIgniter->run()
#8 {main}
CRITICAL - 2022-02-21 07:41:30 --> Trying to get property 'errno' of non-object
#0 /Applications/MAMP/htdocs/Projetos/CodeIgniter/Crud/10/system/Database/MySQLi/Connection.php(555): CodeIgniter\Debug\Exceptions->errorHandler(8, 'Trying to get p...', '/Applications/M...', 555, Array)
#1 /Applications/MAMP/htdocs/Projetos/CodeIgniter/Crud/10/system/Model.php(411): CodeIgniter\Database\MySQLi\Connection->error()
#2 /Applications/MAMP/htdocs/Projetos/CodeIgniter/Crud/10/system/BaseModel.php(1059): CodeIgniter\Model->doErrors()
#3 /Applications/MAMP/htdocs/Projetos/CodeIgniter/Crud/10/app/Controllers/Games.php(79): CodeIgniter\BaseModel->errors()
#4 /Applications/MAMP/htdocs/Projetos/CodeIgniter/Crud/10/system/CodeIgniter.php(825): App\Controllers\Games->showFormAddGame()
#5 /Applications/MAMP/htdocs/Projetos/CodeIgniter/Crud/10/system/CodeIgniter.php(412): CodeIgniter\CodeIgniter->runController(Object(App\Controllers\Games))
#6 /Applications/MAMP/htdocs/Projetos/CodeIgniter/Crud/10/system/CodeIgniter.php(320): CodeIgniter\CodeIgniter->handleRequest(NULL, Object(Config\Cache), false)
#7 /Applications/MAMP/htdocs/Projetos/CodeIgniter/Crud/10/public/index.php(37): CodeIgniter\CodeIgniter->run()
#8 {main}
CRITICAL - 2022-02-21 07:42:33 --> syntax error, unexpected ';', expecting ']'
#0 /Applications/MAMP/htdocs/Projetos/CodeIgniter/Crud/10/system/Router/Router.php(175): CodeIgniter\Router\Router->autoRoute('Games/showFormA...')
#1 /Applications/MAMP/htdocs/Projetos/CodeIgniter/Crud/10/system/CodeIgniter.php(719): CodeIgniter\Router\Router->handle('Games/showFormA...')
#2 /Applications/MAMP/htdocs/Projetos/CodeIgniter/Crud/10/system/CodeIgniter.php(361): CodeIgniter\CodeIgniter->tryToRouteIt(Object(CodeIgniter\Router\RouteCollection))
#3 /Applications/MAMP/htdocs/Projetos/CodeIgniter/Crud/10/system/CodeIgniter.php(320): CodeIgniter\CodeIgniter->handleRequest(NULL, Object(Config\Cache), false)
#4 /Applications/MAMP/htdocs/Projetos/CodeIgniter/Crud/10/public/index.php(37): CodeIgniter\CodeIgniter->run()
#5 {main}
CRITICAL - 2022-02-21 07:42:45 --> Trying to get property 'errno' of non-object
#0 /Applications/MAMP/htdocs/Projetos/CodeIgniter/Crud/10/system/Database/MySQLi/Connection.php(555): CodeIgniter\Debug\Exceptions->errorHandler(8, 'Trying to get p...', '/Applications/M...', 555, Array)
#1 /Applications/MAMP/htdocs/Projetos/CodeIgniter/Crud/10/system/Model.php(411): CodeIgniter\Database\MySQLi\Connection->error()
#2 /Applications/MAMP/htdocs/Projetos/CodeIgniter/Crud/10/system/BaseModel.php(1059): CodeIgniter\Model->doErrors()
#3 /Applications/MAMP/htdocs/Projetos/CodeIgniter/Crud/10/app/Controllers/Games.php(76): CodeIgniter\BaseModel->errors()
#4 /Applications/MAMP/htdocs/Projetos/CodeIgniter/Crud/10/system/CodeIgniter.php(825): App\Controllers\Games->showFormAddGame()
#5 /Applications/MAMP/htdocs/Projetos/CodeIgniter/Crud/10/system/CodeIgniter.php(412): CodeIgniter\CodeIgniter->runController(Object(App\Controllers\Games))
#6 /Applications/MAMP/htdocs/Projetos/CodeIgniter/Crud/10/system/CodeIgniter.php(320): CodeIgniter\CodeIgniter->handleRequest(NULL, Object(Config\Cache), false)
#7 /Applications/MAMP/htdocs/Projetos/CodeIgniter/Crud/10/public/index.php(37): CodeIgniter\CodeIgniter->run()
#8 {main}
ERROR - 2022-02-21 07:49:13 --> Column 'name' cannot be null
CRITICAL - 2022-02-21 07:49:13 --> Column 'name' cannot be null
#0 /Applications/MAMP/htdocs/Projetos/CodeIgniter/Crud/10/system/Database/MySQLi/Connection.php(292): mysqli->query('INSERT INTO `tb...', 0)
#1 /Applications/MAMP/htdocs/Projetos/CodeIgniter/Crud/10/system/Database/BaseConnection.php(670): CodeIgniter\Database\MySQLi\Connection->execute('INSERT INTO `tb...')
#2 /Applications/MAMP/htdocs/Projetos/CodeIgniter/Crud/10/system/Database/BaseConnection.php(598): CodeIgniter\Database\BaseConnection->simpleQuery('INSERT INTO `tb...')
#3 /Applications/MAMP/htdocs/Projetos/CodeIgniter/Crud/10/system/Database/BaseBuilder.php(1771): CodeIgniter\Database\BaseConnection->query('INSERT INTO `tb...', Array, false)
#4 /Applications/MAMP/htdocs/Projetos/CodeIgniter/Crud/10/app/Models/GamesModel.php(61): CodeIgniter\Database\BaseBuilder->insert(Array)
#5 /Applications/MAMP/htdocs/Projetos/CodeIgniter/Crud/10/app/Controllers/Games.php(86): App\Models\GamesModel->insertGame(Array)
#6 /Applications/MAMP/htdocs/Projetos/CodeIgniter/Crud/10/system/CodeIgniter.php(825): App\Controllers\Games->showFormAddGame()
#7 /Applications/MAMP/htdocs/Projetos/CodeIgniter/Crud/10/system/CodeIgniter.php(412): CodeIgniter\CodeIgniter->runController(Object(App\Controllers\Games))
#8 /Applications/MAMP/htdocs/Projetos/CodeIgniter/Crud/10/system/CodeIgniter.php(320): CodeIgniter\CodeIgniter->handleRequest(NULL, Object(Config\Cache), false)
#9 /Applications/MAMP/htdocs/Projetos/CodeIgniter/Crud/10/public/index.php(37): CodeIgniter\CodeIgniter->run()
#10 {main}
ERROR - 2022-02-21 07:49:40 --> Column 'name' cannot be null
CRITICAL - 2022-02-21 07:49:40 --> Column 'name' cannot be null
#0 /Applications/MAMP/htdocs/Projetos/CodeIgniter/Crud/10/system/Database/MySQLi/Connection.php(292): mysqli->query('INSERT INTO `tb...', 0)
#1 /Applications/MAMP/htdocs/Projetos/CodeIgniter/Crud/10/system/Database/BaseConnection.php(670): CodeIgniter\Database\MySQLi\Connection->execute('INSERT INTO `tb...')
#2 /Applications/MAMP/htdocs/Projetos/CodeIgniter/Crud/10/system/Database/BaseConnection.php(598): CodeIgniter\Database\BaseConnection->simpleQuery('INSERT INTO `tb...')
#3 /Applications/MAMP/htdocs/Projetos/CodeIgniter/Crud/10/system/Database/BaseBuilder.php(1771): CodeIgniter\Database\BaseConnection->query('INSERT INTO `tb...', Array, false)
#4 /Applications/MAMP/htdocs/Projetos/CodeIgniter/Crud/10/app/Models/GamesModel.php(61): CodeIgniter\Database\BaseBuilder->insert(Array)
#5 /Applications/MAMP/htdocs/Projetos/CodeIgniter/Crud/10/app/Controllers/Games.php(86): App\Models\GamesModel->insertGame(Array)
#6 /Applications/MAMP/htdocs/Projetos/CodeIgniter/Crud/10/system/CodeIgniter.php(825): App\Controllers\Games->showFormAddGame()
#7 /Applications/MAMP/htdocs/Projetos/CodeIgniter/Crud/10/system/CodeIgniter.php(412): CodeIgniter\CodeIgniter->runController(Object(App\Controllers\Games))
#8 /Applications/MAMP/htdocs/Projetos/CodeIgniter/Crud/10/system/CodeIgniter.php(320): CodeIgniter\CodeIgniter->handleRequest(NULL, Object(Config\Cache), false)
#9 /Applications/MAMP/htdocs/Projetos/CodeIgniter/Crud/10/public/index.php(37): CodeIgniter\CodeIgniter->run()
#10 {main}
